The system is: Linux - 5.15.49-linuxkit - x86_64
Compiling the C compiler identification source file "CMakeCCompilerId.c" succeeded.
Compiler: /usr/bin/cc 
Build flags: 
Id flags:  

The output was:
0


Compilation of the C compiler identification source "CMakeCCompilerId.c" produced "a.out"

The C compiler identification is GNU, found in "/app/CMakeFiles/3.11.1/CompilerIdC/a.out"

Compiling the CXX compiler identification source file "CMakeCXXCompilerId.cpp" succeeded.
Compiler: /usr/bin/c++ 
Build flags: 
Id flags:  

The output was:
0


Compilation of the CXX compiler identification source "CMakeCXXCompilerId.cpp" produced "a.out"

The CXX compiler identification is GNU, found in "/app/CMakeFiles/3.11.1/CompilerIdCXX/a.out"

Determining if the C compiler works passed with the following output:
Change Dir: /app/CMakeFiles/CMakeTmp

Run Build Command:"/usr/bin/make" "cmTC_a7bb4/fast"
/usr/bin/make -f CMakeFiles/cmTC_a7bb4.dir/build.make CMakeFiles/cmTC_a7bb4.dir/build
make[1]: Entering directory '/app/CMakeFiles/CMakeTmp'
Building C object CMakeFiles/cmTC_a7bb4.dir/testCCompiler.c.o
/usr/bin/cc    -o CMakeFiles/cmTC_a7bb4.dir/testCCompiler.c.o   -c /app/CMakeFiles/CMakeTmp/testCCompiler.c
Linking C executable cmTC_a7bb4
/usr/bin/cmake -E cmake_link_script CMakeFiles/cmTC_a7bb4.dir/link.txt --verbose=1
/usr/bin/cc      -rdynamic CMakeFiles/cmTC_a7bb4.dir/testCCompiler.c.o  -o cmTC_a7bb4 
make[1]: Leaving directory '/app/CMakeFiles/CMakeTmp'


Detecting C compiler ABI info compiled with the following output:
Change Dir: /app/CMakeFiles/CMakeTmp

Run Build Command:"/usr/bin/make" "cmTC_49d8e/fast"
/usr/bin/make -f CMakeFiles/cmTC_49d8e.dir/build.make CMakeFiles/cmTC_49d8e.dir/build
make[1]: Entering directory '/app/CMakeFiles/CMakeTmp'
Building C object CMakeFiles/cmTC_49d8e.dir/CMakeCCompilerABI.c.o
/usr/bin/cc    -o CMakeFiles/cmTC_49d8e.dir/CMakeCCompilerABI.c.o   -c /usr/share/cmake/Modules/CMakeCCompilerABI.c
Linking C executable cmTC_49d8e
/usr/bin/cmake -E cmake_link_script CMakeFiles/cmTC_49d8e.dir/link.txt --verbose=1
/usr/bin/cc     -v -rdynamic CMakeFiles/cmTC_49d8e.dir/CMakeCCompilerABI.c.o  -o cmTC_49d8e 
Using built-in specs.
COLLECT_GCC=/usr/bin/cc
COLLECT_LTO_WRAPPER=/usr/libexec/gcc/x86_64-alpine-linux-musl/6.4.0/lto-wrapper
Target: x86_64-alpine-linux-musl
Configured with: /home/buildozer/aports/main/gcc/src/gcc-6.4.0/configure --prefix=/usr --mandir=/usr/share/man --infodir=/usr/share/info --build=x86_64-alpine-linux-musl --host=x86_64-alpine-linux-musl --target=x86_64-alpine-linux-musl --with-pkgversion='Alpine 6.4.0' --enable-checking=release --disable-fixed-point --disable-libstdcxx-pch --disable-multilib --disable-nls --disable-werror --disable-symvers --enable-__cxa_atexit --enable-default-pie --enable-cloog-backend --enable-languages=c,c++,objc,java,fortran,ada --disable-libssp --disable-libmpx --disable-libmudflap --disable-libsanitizer --enable-shared --enable-threads --enable-tls --with-system-zlib --with-linker-hash-style=gnu
Thread model: posix
gcc version 6.4.0 (Alpine 6.4.0) 
COMPILER_PATH=/usr/libexec/gcc/x86_64-alpine-linux-musl/6.4.0/:/usr/libexec/gcc/x86_64-alpine-linux-musl/6.4.0/:/usr/libexec/gcc/x86_64-alpine-linux-musl/:/usr/lib/gcc/x86_64-alpine-linux-musl/6.4.0/:/usr/lib/gcc/x86_64-alpine-linux-musl/:/usr/lib/gcc/x86_64-alpine-linux-musl/6.4.0/../../../../x86_64-alpine-linux-musl/bin/
LIBRARY_PATH=/usr/lib/gcc/x86_64-alpine-linux-musl/6.4.0/:/usr/lib/gcc/x86_64-alpine-linux-musl/6.4.0/../../../../x86_64-alpine-linux-musl/lib/../lib/:/usr/lib/gcc/x86_64-alpine-linux-musl/6.4.0/../../../../lib/:/lib/../lib/:/usr/lib/../lib/:/usr/lib/gcc/x86_64-alpine-linux-musl/6.4.0/../../../../x86_64-alpine-linux-musl/lib/:/usr/lib/gcc/x86_64-alpine-linux-musl/6.4.0/../../../:/lib/:/usr/lib/
COLLECT_GCC_OPTIONS='-v' '-rdynamic' '-o' 'cmTC_49d8e' '-mtune=generic' '-march=x86-64'
 /usr/libexec/gcc/x86_64-alpine-linux-musl/6.4.0/collect2 -plugin /usr/libexec/gcc/x86_64-alpine-linux-musl/6.4.0/liblto_plugin.so -plugin-opt=/usr/libexec/gcc/x86_64-alpine-linux-musl/6.4.0/lto-wrapper -plugin-opt=-fresolution=/tmp/ccgHejKp.res -plugin-opt=-pass-through=-lgcc -plugin-opt=-pass-through=-lgcc_s -plugin-opt=-pass-through=-lc -plugin-opt=-pass-through=-lgcc -plugin-opt=-pass-through=-lgcc_s --eh-frame-hdr --hash-style=gnu -m elf_x86_64 --as-needed -export-dynamic -dynamic-linker /lib/ld-musl-x86_64.so.1 -pie -z relro -z now -o cmTC_49d8e /usr/lib/gcc/x86_64-alpine-linux-musl/6.4.0/../../../../lib/Scrt1.o /usr/lib/gcc/x86_64-alpine-linux-musl/6.4.0/../../../../lib/crti.o /usr/lib/gcc/x86_64-alpine-linux-musl/6.4.0/crtbeginS.o -L/usr/lib/gcc/x86_64-alpine-linux-musl/6.4.0 -L/usr/lib/gcc/x86_64-alpine-linux-musl/6.4.0/../../../../x86_64-alpine-linux-musl/lib/../lib -L/usr/lib/gcc/x86_64-alpine-linux-musl/6.4.0/../../../../lib -L/lib/../lib -L/usr/lib/../lib -L/usr/lib/gcc/x86_64-alpine-linux-musl/6.4.0/../../../../x86_64-alpine-linux-musl/lib -L/usr/lib/gcc/x86_64-alpine-linux-musl/6.4.0/../../.. CMakeFiles/cmTC_49d8e.dir/CMakeCCompilerABI.c.o -lssp_nonshared -lgcc --as-needed -lgcc_s --no-as-needed -lc -lgcc --as-needed -lgcc_s --no-as-needed /usr/lib/gcc/x86_64-alpine-linux-musl/6.4.0/crtendS.o /usr/lib/gcc/x86_64-alpine-linux-musl/6.4.0/../../../../lib/crtn.o
COLLECT_GCC_OPTIONS='-v' '-rdynamic' '-o' 'cmTC_49d8e' '-mtune=generic' '-march=x86-64'
make[1]: Leaving directory '/app/CMakeFiles/CMakeTmp'


Parsed C implicit link information from above output:
  link line regex: [^( *|.*[/\])(ld|CMAKE_LINK_STARTFILE-NOTFOUND|([^/\]+-)?ld|collect2)[^/\]*( |$)]
  ignore line: [Change Dir: /app/CMakeFiles/CMakeTmp]
  ignore line: []
  ignore line: [Run Build Command:"/usr/bin/make" "cmTC_49d8e/fast"]
  ignore line: [/usr/bin/make -f CMakeFiles/cmTC_49d8e.dir/build.make CMakeFiles/cmTC_49d8e.dir/build]
  ignore line: [make[1]: Entering directory '/app/CMakeFiles/CMakeTmp']
  ignore line: [Building C object CMakeFiles/cmTC_49d8e.dir/CMakeCCompilerABI.c.o]
  ignore line: [/usr/bin/cc    -o CMakeFiles/cmTC_49d8e.dir/CMakeCCompilerABI.c.o   -c /usr/share/cmake/Modules/CMakeCCompilerABI.c]
  ignore line: [Linking C executable cmTC_49d8e]
  ignore line: [/usr/bin/cmake -E cmake_link_script CMakeFiles/cmTC_49d8e.dir/link.txt --verbose=1]
  ignore line: [/usr/bin/cc     -v -rdynamic CMakeFiles/cmTC_49d8e.dir/CMakeCCompilerABI.c.o  -o cmTC_49d8e ]
  ignore line: [Using built-in specs.]
  ignore line: [COLLECT_GCC=/usr/bin/cc]
  ignore line: [COLLECT_LTO_WRAPPER=/usr/libexec/gcc/x86_64-alpine-linux-musl/6.4.0/lto-wrapper]
  ignore line: [Target: x86_64-alpine-linux-musl]
  ignore line: [Configured with: /home/buildozer/aports/main/gcc/src/gcc-6.4.0/configure --prefix=/usr --mandir=/usr/share/man --infodir=/usr/share/info --build=x86_64-alpine-linux-musl --host=x86_64-alpine-linux-musl --target=x86_64-alpine-linux-musl --with-pkgversion='Alpine 6.4.0' --enable-checking=release --disable-fixed-point --disable-libstdcxx-pch --disable-multilib --disable-nls --disable-werror --disable-symvers --enable-__cxa_atexit --enable-default-pie --enable-cloog-backend --enable-languages=c,c++,objc,java,fortran,ada --disable-libssp --disable-libmpx --disable-libmudflap --disable-libsanitizer --enable-shared --enable-threads --enable-tls --with-system-zlib --with-linker-hash-style=gnu]
  ignore line: [Thread model: posix]
  ignore line: [gcc version 6.4.0 (Alpine 6.4.0) ]
  ignore line: [COMPILER_PATH=/usr/libexec/gcc/x86_64-alpine-linux-musl/6.4.0/:/usr/libexec/gcc/x86_64-alpine-linux-musl/6.4.0/:/usr/libexec/gcc/x86_64-alpine-linux-musl/:/usr/lib/gcc/x86_64-alpine-linux-musl/6.4.0/:/usr/lib/gcc/x86_64-alpine-linux-musl/:/usr/lib/gcc/x86_64-alpine-linux-musl/6.4.0/../../../../x86_64-alpine-linux-musl/bin/]
  ignore line: [LIBRARY_PATH=/usr/lib/gcc/x86_64-alpine-linux-musl/6.4.0/:/usr/lib/gcc/x86_64-alpine-linux-musl/6.4.0/../../../../x86_64-alpine-linux-musl/lib/../lib/:/usr/lib/gcc/x86_64-alpine-linux-musl/6.4.0/../../../../lib/:/lib/../lib/:/usr/lib/../lib/:/usr/lib/gcc/x86_64-alpine-linux-musl/6.4.0/../../../../x86_64-alpine-linux-musl/lib/:/usr/lib/gcc/x86_64-alpine-linux-musl/6.4.0/../../../:/lib/:/usr/lib/]
  ignore line: [COLLECT_GCC_OPTIONS='-v' '-rdynamic' '-o' 'cmTC_49d8e' '-mtune=generic' '-march=x86-64']
  link line: [ /usr/libexec/gcc/x86_64-alpine-linux-musl/6.4.0/collect2 -plugin /usr/libexec/gcc/x86_64-alpine-linux-musl/6.4.0/liblto_plugin.so -plugin-opt=/usr/libexec/gcc/x86_64-alpine-linux-musl/6.4.0/lto-wrapper -plugin-opt=-fresolution=/tmp/ccgHejKp.res -plugin-opt=-pass-through=-lgcc -plugin-opt=-pass-through=-lgcc_s -plugin-opt=-pass-through=-lc -plugin-opt=-pass-through=-lgcc -plugin-opt=-pass-through=-lgcc_s --eh-frame-hdr --hash-style=gnu -m elf_x86_64 --as-needed -export-dynamic -dynamic-linker /lib/ld-musl-x86_64.so.1 -pie -z relro -z now -o cmTC_49d8e /usr/lib/gcc/x86_64-alpine-linux-musl/6.4.0/../../../../lib/Scrt1.o /usr/lib/gcc/x86_64-alpine-linux-musl/6.4.0/../../../../lib/crti.o /usr/lib/gcc/x86_64-alpine-linux-musl/6.4.0/crtbeginS.o -L/usr/lib/gcc/x86_64-alpine-linux-musl/6.4.0 -L/usr/lib/gcc/x86_64-alpine-linux-musl/6.4.0/../../../../x86_64-alpine-linux-musl/lib/../lib -L/usr/lib/gcc/x86_64-alpine-linux-musl/6.4.0/../../../../lib -L/lib/../lib -L/usr/lib/../lib -L/usr/lib/gcc/x86_64-alpine-linux-musl/6.4.0/../../../../x86_64-alpine-linux-musl/lib -L/usr/lib/gcc/x86_64-alpine-linux-musl/6.4.0/../../.. CMakeFiles/cmTC_49d8e.dir/CMakeCCompilerABI.c.o -lssp_nonshared -lgcc --as-needed -lgcc_s --no-as-needed -lc -lgcc --as-needed -lgcc_s --no-as-needed /usr/lib/gcc/x86_64-alpine-linux-musl/6.4.0/crtendS.o /usr/lib/gcc/x86_64-alpine-linux-musl/6.4.0/../../../../lib/crtn.o]
    arg [/usr/libexec/gcc/x86_64-alpine-linux-musl/6.4.0/collect2] ==> ignore
    arg [-plugin] ==> ignore
    arg [/usr/libexec/gcc/x86_64-alpine-linux-musl/6.4.0/liblto_plugin.so] ==> ignore
    arg [-plugin-opt=/usr/libexec/gcc/x86_64-alpine-linux-musl/6.4.0/lto-wrapper] ==> ignore
    arg [-plugin-opt=-fresolution=/tmp/ccgHejKp.res] ==> ignore
    arg [-plugin-opt=-pass-through=-lgcc] ==> ignore
    arg [-plugin-opt=-pass-through=-lgcc_s] ==> ignore
    arg [-plugin-opt=-pass-through=-lc] ==> ignore
    arg [-plugin-opt=-pass-through=-lgcc] ==> ignore
    arg [-plugin-opt=-pass-through=-lgcc_s] ==> ignore
    arg [--eh-frame-hdr] ==> ignore
    arg [--hash-style=gnu] ==> ignore
    arg [-m] ==> ignore
    arg [elf_x86_64] ==> ignore
    arg [--as-needed] ==> ignore
    arg [-export-dynamic] ==> ignore
    arg [-dynamic-linker] ==> ignore
    arg [/lib/ld-musl-x86_64.so.1] ==> ignore
    arg [-pie] ==> ignore
    arg [-zrelro] ==> ignore
    arg [-znow] ==> ignore
    arg [-o] ==> ignore
    arg [cmTC_49d8e] ==> ignore
    arg [/usr/lib/gcc/x86_64-alpine-linux-musl/6.4.0/../../../../lib/Scrt1.o] ==> ignore
    arg [/usr/lib/gcc/x86_64-alpine-linux-musl/6.4.0/../../../../lib/crti.o] ==> ignore
    arg [/usr/lib/gcc/x86_64-alpine-linux-musl/6.4.0/crtbeginS.o] ==> ignore
    arg [-L/usr/lib/gcc/x86_64-alpine-linux-musl/6.4.0] ==> dir [/usr/lib/gcc/x86_64-alpine-linux-musl/6.4.0]
    arg [-L/usr/lib/gcc/x86_64-alpine-linux-musl/6.4.0/../../../../x86_64-alpine-linux-musl/lib/../lib] ==> dir [/usr/lib/gcc/x86_64-alpine-linux-musl/6.4.0/../../../../x86_64-alpine-linux-musl/lib/../lib]
    arg [-L/usr/lib/gcc/x86_64-alpine-linux-musl/6.4.0/../../../../lib] ==> dir [/usr/lib/gcc/x86_64-alpine-linux-musl/6.4.0/../../../../lib]
    arg [-L/lib/../lib] ==> dir [/lib/../lib]
    arg [-L/usr/lib/../lib] ==> dir [/usr/lib/../lib]
    arg [-L/usr/lib/gcc/x86_64-alpine-linux-musl/6.4.0/../../../../x86_64-alpine-linux-musl/lib] ==> dir [/usr/lib/gcc/x86_64-alpine-linux-musl/6.4.0/../../../../x86_64-alpine-linux-musl/lib]
    arg [-L/usr/lib/gcc/x86_64-alpine-linux-musl/6.4.0/../../..] ==> dir [/usr/lib/gcc/x86_64-alpine-linux-musl/6.4.0/../../..]
    arg [CMakeFiles/cmTC_49d8e.dir/CMakeCCompilerABI.c.o] ==> ignore
    arg [-lssp_nonshared] ==> lib [ssp_nonshared]
    arg [-lgcc] ==> lib [gcc]
    arg [--as-needed] ==> ignore
    arg [-lgcc_s] ==> lib [gcc_s]
    arg [--no-as-needed] ==> ignore
    arg [-lc] ==> lib [c]
    arg [-lgcc] ==> lib [gcc]
    arg [--as-needed] ==> ignore
    arg [-lgcc_s] ==> lib [gcc_s]
    arg [--no-as-needed] ==> ignore
    arg [/usr/lib/gcc/x86_64-alpine-linux-musl/6.4.0/crtendS.o] ==> ignore
    arg [/usr/lib/gcc/x86_64-alpine-linux-musl/6.4.0/../../../../lib/crtn.o] ==> ignore
  collapse library dir [/usr/lib/gcc/x86_64-alpine-linux-musl/6.4.0] ==> [/usr/lib/gcc/x86_64-alpine-linux-musl/6.4.0]
  collapse library dir [/usr/lib/gcc/x86_64-alpine-linux-musl/6.4.0/../../../../x86_64-alpine-linux-musl/lib/../lib] ==> [/usr/x86_64-alpine-linux-musl/lib]
  collapse library dir [/usr/lib/gcc/x86_64-alpine-linux-musl/6.4.0/../../../../lib] ==> [/usr/lib]
  collapse library dir [/lib/../lib] ==> [/lib]
  collapse library dir [/usr/lib/../lib] ==> [/usr/lib]
  collapse library dir [/usr/lib/gcc/x86_64-alpine-linux-musl/6.4.0/../../../../x86_64-alpine-linux-musl/lib] ==> [/usr/x86_64-alpine-linux-musl/lib]
  collapse library dir [/usr/lib/gcc/x86_64-alpine-linux-musl/6.4.0/../../..] ==> [/usr/lib]
  implicit libs: [ssp_nonshared;gcc;gcc_s;c;gcc;gcc_s]
  implicit dirs: [/usr/lib/gcc/x86_64-alpine-linux-musl/6.4.0;/usr/x86_64-alpine-linux-musl/lib;/usr/lib;/lib]
  implicit fwks: []




Detecting C [-std=c11] compiler features compiled with the following output:
Change Dir: /app/CMakeFiles/CMakeTmp

Run Build Command:"/usr/bin/make" "cmTC_f2690/fast"
/usr/bin/make -f CMakeFiles/cmTC_f2690.dir/build.make CMakeFiles/cmTC_f2690.dir/build
make[1]: Entering directory '/app/CMakeFiles/CMakeTmp'
Building C object CMakeFiles/cmTC_f2690.dir/feature_tests.c.o
/usr/bin/cc   -std=c11 -o CMakeFiles/cmTC_f2690.dir/feature_tests.c.o   -c /app/CMakeFiles/feature_tests.c
Linking C executable cmTC_f2690
/usr/bin/cmake -E cmake_link_script CMakeFiles/cmTC_f2690.dir/link.txt --verbose=1
/usr/bin/cc      -rdynamic CMakeFiles/cmTC_f2690.dir/feature_tests.c.o  -o cmTC_f2690 
make[1]: Leaving directory '/app/CMakeFiles/CMakeTmp'


    Feature record: C_FEATURE:1c_function_prototypes
    Feature record: C_FEATURE:1c_restrict
    Feature record: C_FEATURE:1c_static_assert
    Feature record: C_FEATURE:1c_variadic_macros


Detecting C [-std=c99] compiler features compiled with the following output:
Change Dir: /app/CMakeFiles/CMakeTmp

Run Build Command:"/usr/bin/make" "cmTC_105a4/fast"
/usr/bin/make -f CMakeFiles/cmTC_105a4.dir/build.make CMakeFiles/cmTC_105a4.dir/build
make[1]: Entering directory '/app/CMakeFiles/CMakeTmp'
Building C object CMakeFiles/cmTC_105a4.dir/feature_tests.c.o
/usr/bin/cc   -std=c99 -o CMakeFiles/cmTC_105a4.dir/feature_tests.c.o   -c /app/CMakeFiles/feature_tests.c
Linking C executable cmTC_105a4
/usr/bin/cmake -E cmake_link_script CMakeFiles/cmTC_105a4.dir/link.txt --verbose=1
/usr/bin/cc      -rdynamic CMakeFiles/cmTC_105a4.dir/feature_tests.c.o  -o cmTC_105a4 
make[1]: Leaving directory '/app/CMakeFiles/CMakeTmp'


    Feature record: C_FEATURE:1c_function_prototypes
    Feature record: C_FEATURE:1c_restrict
    Feature record: C_FEATURE:0c_static_assert
    Feature record: C_FEATURE:1c_variadic_macros


Detecting C [-std=c90] compiler features compiled with the following output:
Change Dir: /app/CMakeFiles/CMakeTmp

Run Build Command:"/usr/bin/make" "cmTC_e3c92/fast"
/usr/bin/make -f CMakeFiles/cmTC_e3c92.dir/build.make CMakeFiles/cmTC_e3c92.dir/build
make[1]: Entering directory '/app/CMakeFiles/CMakeTmp'
Building C object CMakeFiles/cmTC_e3c92.dir/feature_tests.c.o
/usr/bin/cc   -std=c90 -o CMakeFiles/cmTC_e3c92.dir/feature_tests.c.o   -c /app/CMakeFiles/feature_tests.c
Linking C executable cmTC_e3c92
/usr/bin/cmake -E cmake_link_script CMakeFiles/cmTC_e3c92.dir/link.txt --verbose=1
/usr/bin/cc      -rdynamic CMakeFiles/cmTC_e3c92.dir/feature_tests.c.o  -o cmTC_e3c92 
make[1]: Leaving directory '/app/CMakeFiles/CMakeTmp'


    Feature record: C_FEATURE:1c_function_prototypes
    Feature record: C_FEATURE:0c_restrict
    Feature record: C_FEATURE:0c_static_assert
    Feature record: C_FEATURE:0c_variadic_macros
Determining if the CXX compiler works passed with the following output:
Change Dir: /app/CMakeFiles/CMakeTmp

Run Build Command:"/usr/bin/make" "cmTC_57bd8/fast"
/usr/bin/make -f CMakeFiles/cmTC_57bd8.dir/build.make CMakeFiles/cmTC_57bd8.dir/build
make[1]: Entering directory '/app/CMakeFiles/CMakeTmp'
Building CXX object CMakeFiles/cmTC_57bd8.dir/testCXXCompiler.cxx.o
/usr/bin/c++     -o CMakeFiles/cmTC_57bd8.dir/testCXXCompiler.cxx.o -c /app/CMakeFiles/CMakeTmp/testCXXCompiler.cxx
Linking CXX executable cmTC_57bd8
/usr/bin/cmake -E cmake_link_script CMakeFiles/cmTC_57bd8.dir/link.txt --verbose=1
/usr/bin/c++       -rdynamic CMakeFiles/cmTC_57bd8.dir/testCXXCompiler.cxx.o  -o cmTC_57bd8 
make[1]: Leaving directory '/app/CMakeFiles/CMakeTmp'


Detecting CXX compiler ABI info compiled with the following output:
Change Dir: /app/CMakeFiles/CMakeTmp

Run Build Command:"/usr/bin/make" "cmTC_df786/fast"
/usr/bin/make -f CMakeFiles/cmTC_df786.dir/build.make CMakeFiles/cmTC_df786.dir/build
make[1]: Entering directory '/app/CMakeFiles/CMakeTmp'
Building CXX object CMakeFiles/cmTC_df786.dir/CMakeCXXCompilerABI.cpp.o
/usr/bin/c++     -o CMakeFiles/cmTC_df786.dir/CMakeCXXCompilerABI.cpp.o -c /usr/share/cmake/Modules/CMakeCXXCompilerABI.cpp
Linking CXX executable cmTC_df786
/usr/bin/cmake -E cmake_link_script CMakeFiles/cmTC_df786.dir/link.txt --verbose=1
/usr/bin/c++      -v -rdynamic CMakeFiles/cmTC_df786.dir/CMakeCXXCompilerABI.cpp.o  -o cmTC_df786 
Using built-in specs.
COLLECT_GCC=/usr/bin/c++
COLLECT_LTO_WRAPPER=/usr/libexec/gcc/x86_64-alpine-linux-musl/6.4.0/lto-wrapper
Target: x86_64-alpine-linux-musl
Configured with: /home/buildozer/aports/main/gcc/src/gcc-6.4.0/configure --prefix=/usr --mandir=/usr/share/man --infodir=/usr/share/info --build=x86_64-alpine-linux-musl --host=x86_64-alpine-linux-musl --target=x86_64-alpine-linux-musl --with-pkgversion='Alpine 6.4.0' --enable-checking=release --disable-fixed-point --disable-libstdcxx-pch --disable-multilib --disable-nls --disable-werror --disable-symvers --enable-__cxa_atexit --enable-default-pie --enable-cloog-backend --enable-languages=c,c++,objc,java,fortran,ada --disable-libssp --disable-libmpx --disable-libmudflap --disable-libsanitizer --enable-shared --enable-threads --enable-tls --with-system-zlib --with-linker-hash-style=gnu
Thread model: posix
gcc version 6.4.0 (Alpine 6.4.0) 
COMPILER_PATH=/usr/libexec/gcc/x86_64-alpine-linux-musl/6.4.0/:/usr/libexec/gcc/x86_64-alpine-linux-musl/6.4.0/:/usr/libexec/gcc/x86_64-alpine-linux-musl/:/usr/lib/gcc/x86_64-alpine-linux-musl/6.4.0/:/usr/lib/gcc/x86_64-alpine-linux-musl/:/usr/lib/gcc/x86_64-alpine-linux-musl/6.4.0/../../../../x86_64-alpine-linux-musl/bin/
LIBRARY_PATH=/usr/lib/gcc/x86_64-alpine-linux-musl/6.4.0/:/usr/lib/gcc/x86_64-alpine-linux-musl/6.4.0/../../../../x86_64-alpine-linux-musl/lib/../lib/:/usr/lib/gcc/x86_64-alpine-linux-musl/6.4.0/../../../../lib/:/lib/../lib/:/usr/lib/../lib/:/usr/lib/gcc/x86_64-alpine-linux-musl/6.4.0/../../../../x86_64-alpine-linux-musl/lib/:/usr/lib/gcc/x86_64-alpine-linux-musl/6.4.0/../../../:/lib/:/usr/lib/
COLLECT_GCC_OPTIONS='-v' '-rdynamic' '-o' 'cmTC_df786' '-shared-libgcc' '-mtune=generic' '-march=x86-64'
 /usr/libexec/gcc/x86_64-alpine-linux-musl/6.4.0/collect2 -plugin /usr/libexec/gcc/x86_64-alpine-linux-musl/6.4.0/liblto_plugin.so -plugin-opt=/usr/libexec/gcc/x86_64-alpine-linux-musl/6.4.0/lto-wrapper -plugin-opt=-fresolution=/tmp/ccFCABAE.res -plugin-opt=-pass-through=-lgcc_s -plugin-opt=-pass-through=-lgcc -plugin-opt=-pass-through=-lc -plugin-opt=-pass-through=-lgcc_s -plugin-opt=-pass-through=-lgcc --eh-frame-hdr --hash-style=gnu -m elf_x86_64 --as-needed -export-dynamic -dynamic-linker /lib/ld-musl-x86_64.so.1 -pie -z relro -z now -o cmTC_df786 /usr/lib/gcc/x86_64-alpine-linux-musl/6.4.0/../../../../lib/Scrt1.o /usr/lib/gcc/x86_64-alpine-linux-musl/6.4.0/../../../../lib/crti.o /usr/lib/gcc/x86_64-alpine-linux-musl/6.4.0/crtbeginS.o -L/usr/lib/gcc/x86_64-alpine-linux-musl/6.4.0 -L/usr/lib/gcc/x86_64-alpine-linux-musl/6.4.0/../../../../x86_64-alpine-linux-musl/lib/../lib -L/usr/lib/gcc/x86_64-alpine-linux-musl/6.4.0/../../../../lib -L/lib/../lib -L/usr/lib/../lib -L/usr/lib/gcc/x86_64-alpine-linux-musl/6.4.0/../../../../x86_64-alpine-linux-musl/lib -L/usr/lib/gcc/x86_64-alpine-linux-musl/6.4.0/../../.. CMakeFiles/cmTC_df786.dir/CMakeCXXCompilerABI.cpp.o -lstdc++ -lm -lssp_nonshared -lgcc_s -lgcc -lc -lgcc_s -lgcc /usr/lib/gcc/x86_64-alpine-linux-musl/6.4.0/crtendS.o /usr/lib/gcc/x86_64-alpine-linux-musl/6.4.0/../../../../lib/crtn.o
COLLECT_GCC_OPTIONS='-v' '-rdynamic' '-o' 'cmTC_df786' '-shared-libgcc' '-mtune=generic' '-march=x86-64'
make[1]: Leaving directory '/app/CMakeFiles/CMakeTmp'


Parsed CXX implicit link information from above output:
  link line regex: [^( *|.*[/\])(ld|CMAKE_LINK_STARTFILE-NOTFOUND|([^/\]+-)?ld|collect2)[^/\]*( |$)]
  ignore line: [Change Dir: /app/CMakeFiles/CMakeTmp]
  ignore line: []
  ignore line: [Run Build Command:"/usr/bin/make" "cmTC_df786/fast"]
  ignore line: [/usr/bin/make -f CMakeFiles/cmTC_df786.dir/build.make CMakeFiles/cmTC_df786.dir/build]
  ignore line: [make[1]: Entering directory '/app/CMakeFiles/CMakeTmp']
  ignore line: [Building CXX object CMakeFiles/cmTC_df786.dir/CMakeCXXCompilerABI.cpp.o]
  ignore line: [/usr/bin/c++     -o CMakeFiles/cmTC_df786.dir/CMakeCXXCompilerABI.cpp.o -c /usr/share/cmake/Modules/CMakeCXXCompilerABI.cpp]
  ignore line: [Linking CXX executable cmTC_df786]
  ignore line: [/usr/bin/cmake -E cmake_link_script CMakeFiles/cmTC_df786.dir/link.txt --verbose=1]
  ignore line: [/usr/bin/c++      -v -rdynamic CMakeFiles/cmTC_df786.dir/CMakeCXXCompilerABI.cpp.o  -o cmTC_df786 ]
  ignore line: [Using built-in specs.]
  ignore line: [COLLECT_GCC=/usr/bin/c++]
  ignore line: [COLLECT_LTO_WRAPPER=/usr/libexec/gcc/x86_64-alpine-linux-musl/6.4.0/lto-wrapper]
  ignore line: [Target: x86_64-alpine-linux-musl]
  ignore line: [Configured with: /home/buildozer/aports/main/gcc/src/gcc-6.4.0/configure --prefix=/usr --mandir=/usr/share/man --infodir=/usr/share/info --build=x86_64-alpine-linux-musl --host=x86_64-alpine-linux-musl --target=x86_64-alpine-linux-musl --with-pkgversion='Alpine 6.4.0' --enable-checking=release --disable-fixed-point --disable-libstdcxx-pch --disable-multilib --disable-nls --disable-werror --disable-symvers --enable-__cxa_atexit --enable-default-pie --enable-cloog-backend --enable-languages=c,c++,objc,java,fortran,ada --disable-libssp --disable-libmpx --disable-libmudflap --disable-libsanitizer --enable-shared --enable-threads --enable-tls --with-system-zlib --with-linker-hash-style=gnu]
  ignore line: [Thread model: posix]
  ignore line: [gcc version 6.4.0 (Alpine 6.4.0) ]
  ignore line: [COMPILER_PATH=/usr/libexec/gcc/x86_64-alpine-linux-musl/6.4.0/:/usr/libexec/gcc/x86_64-alpine-linux-musl/6.4.0/:/usr/libexec/gcc/x86_64-alpine-linux-musl/:/usr/lib/gcc/x86_64-alpine-linux-musl/6.4.0/:/usr/lib/gcc/x86_64-alpine-linux-musl/:/usr/lib/gcc/x86_64-alpine-linux-musl/6.4.0/../../../../x86_64-alpine-linux-musl/bin/]
  ignore line: [LIBRARY_PATH=/usr/lib/gcc/x86_64-alpine-linux-musl/6.4.0/:/usr/lib/gcc/x86_64-alpine-linux-musl/6.4.0/../../../../x86_64-alpine-linux-musl/lib/../lib/:/usr/lib/gcc/x86_64-alpine-linux-musl/6.4.0/../../../../lib/:/lib/../lib/:/usr/lib/../lib/:/usr/lib/gcc/x86_64-alpine-linux-musl/6.4.0/../../../../x86_64-alpine-linux-musl/lib/:/usr/lib/gcc/x86_64-alpine-linux-musl/6.4.0/../../../:/lib/:/usr/lib/]
  ignore line: [COLLECT_GCC_OPTIONS='-v' '-rdynamic' '-o' 'cmTC_df786' '-shared-libgcc' '-mtune=generic' '-march=x86-64']
  link line: [ /usr/libexec/gcc/x86_64-alpine-linux-musl/6.4.0/collect2 -plugin /usr/libexec/gcc/x86_64-alpine-linux-musl/6.4.0/liblto_plugin.so -plugin-opt=/usr/libexec/gcc/x86_64-alpine-linux-musl/6.4.0/lto-wrapper -plugin-opt=-fresolution=/tmp/ccFCABAE.res -plugin-opt=-pass-through=-lgcc_s -plugin-opt=-pass-through=-lgcc -plugin-opt=-pass-through=-lc -plugin-opt=-pass-through=-lgcc_s -plugin-opt=-pass-through=-lgcc --eh-frame-hdr --hash-style=gnu -m elf_x86_64 --as-needed -export-dynamic -dynamic-linker /lib/ld-musl-x86_64.so.1 -pie -z relro -z now -o cmTC_df786 /usr/lib/gcc/x86_64-alpine-linux-musl/6.4.0/../../../../lib/Scrt1.o /usr/lib/gcc/x86_64-alpine-linux-musl/6.4.0/../../../../lib/crti.o /usr/lib/gcc/x86_64-alpine-linux-musl/6.4.0/crtbeginS.o -L/usr/lib/gcc/x86_64-alpine-linux-musl/6.4.0 -L/usr/lib/gcc/x86_64-alpine-linux-musl/6.4.0/../../../../x86_64-alpine-linux-musl/lib/../lib -L/usr/lib/gcc/x86_64-alpine-linux-musl/6.4.0/../../../../lib -L/lib/../lib -L/usr/lib/../lib -L/usr/lib/gcc/x86_64-alpine-linux-musl/6.4.0/../../../../x86_64-alpine-linux-musl/lib -L/usr/lib/gcc/x86_64-alpine-linux-musl/6.4.0/../../.. CMakeFiles/cmTC_df786.dir/CMakeCXXCompilerABI.cpp.o -lstdc++ -lm -lssp_nonshared -lgcc_s -lgcc -lc -lgcc_s -lgcc /usr/lib/gcc/x86_64-alpine-linux-musl/6.4.0/crtendS.o /usr/lib/gcc/x86_64-alpine-linux-musl/6.4.0/../../../../lib/crtn.o]
    arg [/usr/libexec/gcc/x86_64-alpine-linux-musl/6.4.0/collect2] ==> ignore
    arg [-plugin] ==> ignore
    arg [/usr/libexec/gcc/x86_64-alpine-linux-musl/6.4.0/liblto_plugin.so] ==> ignore
    arg [-plugin-opt=/usr/libexec/gcc/x86_64-alpine-linux-musl/6.4.0/lto-wrapper] ==> ignore
    arg [-plugin-opt=-fresolution=/tmp/ccFCABAE.res] ==> ignore
    arg [-plugin-opt=-pass-through=-lgcc_s] ==> ignore
    arg [-plugin-opt=-pass-through=-lgcc] ==> ignore
    arg [-plugin-opt=-pass-through=-lc] ==> ignore
    arg [-plugin-opt=-pass-through=-lgcc_s] ==> ignore
    arg [-plugin-opt=-pass-through=-lgcc] ==> ignore
    arg [--eh-frame-hdr] ==> ignore
    arg [--hash-style=gnu] ==> ignore
    arg [-m] ==> ignore
    arg [elf_x86_64] ==> ignore
    arg [--as-needed] ==> ignore
    arg [-export-dynamic] ==> ignore
    arg [-dynamic-linker] ==> ignore
    arg [/lib/ld-musl-x86_64.so.1] ==> ignore
    arg [-pie] ==> ignore
    arg [-zrelro] ==> ignore
    arg [-znow] ==> ignore
    arg [-o] ==> ignore
    arg [cmTC_df786] ==> ignore
    arg [/usr/lib/gcc/x86_64-alpine-linux-musl/6.4.0/../../../../lib/Scrt1.o] ==> ignore
    arg [/usr/lib/gcc/x86_64-alpine-linux-musl/6.4.0/../../../../lib/crti.o] ==> ignore
    arg [/usr/lib/gcc/x86_64-alpine-linux-musl/6.4.0/crtbeginS.o] ==> ignore
    arg [-L/usr/lib/gcc/x86_64-alpine-linux-musl/6.4.0] ==> dir [/usr/lib/gcc/x86_64-alpine-linux-musl/6.4.0]
    arg [-L/usr/lib/gcc/x86_64-alpine-linux-musl/6.4.0/../../../../x86_64-alpine-linux-musl/lib/../lib] ==> dir [/usr/lib/gcc/x86_64-alpine-linux-musl/6.4.0/../../../../x86_64-alpine-linux-musl/lib/../lib]
    arg [-L/usr/lib/gcc/x86_64-alpine-linux-musl/6.4.0/../../../../lib] ==> dir [/usr/lib/gcc/x86_64-alpine-linux-musl/6.4.0/../../../../lib]
    arg [-L/lib/../lib] ==> dir [/lib/../lib]
    arg [-L/usr/lib/../lib] ==> dir [/usr/lib/../lib]
    arg [-L/usr/lib/gcc/x86_64-alpine-linux-musl/6.4.0/../../../../x86_64-alpine-linux-musl/lib] ==> dir [/usr/lib/gcc/x86_64-alpine-linux-musl/6.4.0/../../../../x86_64-alpine-linux-musl/lib]
    arg [-L/usr/lib/gcc/x86_64-alpine-linux-musl/6.4.0/../../..] ==> dir [/usr/lib/gcc/x86_64-alpine-linux-musl/6.4.0/../../..]
    arg [CMakeFiles/cmTC_df786.dir/CMakeCXXCompilerABI.cpp.o] ==> ignore
    arg [-lstdc++] ==> lib [stdc++]
    arg [-lm] ==> lib [m]
    arg [-lssp_nonshared] ==> lib [ssp_nonshared]
    arg [-lgcc_s] ==> lib [gcc_s]
    arg [-lgcc] ==> lib [gcc]
    arg [-lc] ==> lib [c]
    arg [-lgcc_s] ==> lib [gcc_s]
    arg [-lgcc] ==> lib [gcc]
    arg [/usr/lib/gcc/x86_64-alpine-linux-musl/6.4.0/crtendS.o] ==> ignore
    arg [/usr/lib/gcc/x86_64-alpine-linux-musl/6.4.0/../../../../lib/crtn.o] ==> ignore
  collapse library dir [/usr/lib/gcc/x86_64-alpine-linux-musl/6.4.0] ==> [/usr/lib/gcc/x86_64-alpine-linux-musl/6.4.0]
  collapse library dir [/usr/lib/gcc/x86_64-alpine-linux-musl/6.4.0/../../../../x86_64-alpine-linux-musl/lib/../lib] ==> [/usr/x86_64-alpine-linux-musl/lib]
  collapse library dir [/usr/lib/gcc/x86_64-alpine-linux-musl/6.4.0/../../../../lib] ==> [/usr/lib]
  collapse library dir [/lib/../lib] ==> [/lib]
  collapse library dir [/usr/lib/../lib] ==> [/usr/lib]
  collapse library dir [/usr/lib/gcc/x86_64-alpine-linux-musl/6.4.0/../../../../x86_64-alpine-linux-musl/lib] ==> [/usr/x86_64-alpine-linux-musl/lib]
  collapse library dir [/usr/lib/gcc/x86_64-alpine-linux-musl/6.4.0/../../..] ==> [/usr/lib]
  implicit libs: [stdc++;m;ssp_nonshared;gcc_s;gcc;c;gcc_s;gcc]
  implicit dirs: [/usr/lib/gcc/x86_64-alpine-linux-musl/6.4.0;/usr/x86_64-alpine-linux-musl/lib;/usr/lib;/lib]
  implicit fwks: []




Detecting CXX [-std=c++1z] compiler features compiled with the following output:
Change Dir: /app/CMakeFiles/CMakeTmp

Run Build Command:"/usr/bin/make" "cmTC_67b50/fast"
/usr/bin/make -f CMakeFiles/cmTC_67b50.dir/build.make CMakeFiles/cmTC_67b50.dir/build
make[1]: Entering directory '/app/CMakeFiles/CMakeTmp'
Building CXX object CMakeFiles/cmTC_67b50.dir/feature_tests.cxx.o
/usr/bin/c++    -std=c++1z -o CMakeFiles/cmTC_67b50.dir/feature_tests.cxx.o -c /app/CMakeFiles/feature_tests.cxx
Linking CXX executable cmTC_67b50
/usr/bin/cmake -E cmake_link_script CMakeFiles/cmTC_67b50.dir/link.txt --verbose=1
/usr/bin/c++       -rdynamic CMakeFiles/cmTC_67b50.dir/feature_tests.cxx.o  -o cmTC_67b50 
make[1]: Leaving directory '/app/CMakeFiles/CMakeTmp'


    Feature record: CXX_FEATURE:1cxx_aggregate_default_initializers
    Feature record: CXX_FEATURE:1cxx_alias_templates
    Feature record: CXX_FEATURE:1cxx_alignas
    Feature record: CXX_FEATURE:1cxx_alignof
    Feature record: CXX_FEATURE:1cxx_attributes
    Feature record: CXX_FEATURE:1cxx_attribute_deprecated
    Feature record: CXX_FEATURE:1cxx_auto_type
    Feature record: CXX_FEATURE:1cxx_binary_literals
    Feature record: CXX_FEATURE:1cxx_constexpr
    Feature record: CXX_FEATURE:1cxx_contextual_conversions
    Feature record: CXX_FEATURE:1cxx_decltype
    Feature record: CXX_FEATURE:1cxx_decltype_auto
    Feature record: CXX_FEATURE:1cxx_decltype_incomplete_return_types
    Feature record: CXX_FEATURE:1cxx_default_function_template_args
    Feature record: CXX_FEATURE:1cxx_defaulted_functions
    Feature record: CXX_FEATURE:1cxx_defaulted_move_initializers
    Feature record: CXX_FEATURE:1cxx_delegating_constructors
    Feature record: CXX_FEATURE:1cxx_deleted_functions
    Feature record: CXX_FEATURE:1cxx_digit_separators
    Feature record: CXX_FEATURE:1cxx_enum_forward_declarations
    Feature record: CXX_FEATURE:1cxx_explicit_conversions
    Feature record: CXX_FEATURE:1cxx_extended_friend_declarations
    Feature record: CXX_FEATURE:1cxx_extern_templates
    Feature record: CXX_FEATURE:1cxx_final
    Feature record: CXX_FEATURE:1cxx_func_identifier
    Feature record: CXX_FEATURE:1cxx_generalized_initializers
    Feature record: CXX_FEATURE:1cxx_generic_lambdas
    Feature record: CXX_FEATURE:1cxx_inheriting_constructors
    Feature record: CXX_FEATURE:1cxx_inline_namespaces
    Feature record: CXX_FEATURE:1cxx_lambdas
    Feature record: CXX_FEATURE:1cxx_lambda_init_captures
    Feature record: CXX_FEATURE:1cxx_local_type_template_args
    Feature record: CXX_FEATURE:1cxx_long_long_type
    Feature record: CXX_FEATURE:1cxx_noexcept
    Feature record: CXX_FEATURE:1cxx_nonstatic_member_init
    Feature record: CXX_FEATURE:1cxx_nullptr
    Feature record: CXX_FEATURE:1cxx_override
    Feature record: CXX_FEATURE:1cxx_range_for
    Feature record: CXX_FEATURE:1cxx_raw_string_literals
    Feature record: CXX_FEATURE:1cxx_reference_qualified_functions
    Feature record: CXX_FEATURE:1cxx_relaxed_constexpr
    Feature record: CXX_FEATURE:1cxx_return_type_deduction
    Feature record: CXX_FEATURE:1cxx_right_angle_brackets
    Feature record: CXX_FEATURE:1cxx_rvalue_references
    Feature record: CXX_FEATURE:1cxx_sizeof_member
    Feature record: CXX_FEATURE:1cxx_static_assert
    Feature record: CXX_FEATURE:1cxx_strong_enums
    Feature record: CXX_FEATURE:1cxx_template_template_parameters
    Feature record: CXX_FEATURE:1cxx_thread_local
    Feature record: CXX_FEATURE:1cxx_trailing_return_types
    Feature record: CXX_FEATURE:1cxx_unicode_literals
    Feature record: CXX_FEATURE:1cxx_uniform_initialization
    Feature record: CXX_FEATURE:1cxx_unrestricted_unions
    Feature record: CXX_FEATURE:1cxx_user_literals
    Feature record: CXX_FEATURE:1cxx_variable_templates
    Feature record: CXX_FEATURE:1cxx_variadic_macros
    Feature record: CXX_FEATURE:1cxx_variadic_templates


Detecting CXX [-std=c++14] compiler features compiled with the following output:
Change Dir: /app/CMakeFiles/CMakeTmp

Run Build Command:"/usr/bin/make" "cmTC_798d5/fast"
/usr/bin/make -f CMakeFiles/cmTC_798d5.dir/build.make CMakeFiles/cmTC_798d5.dir/build
make[1]: Entering directory '/app/CMakeFiles/CMakeTmp'
Building CXX object CMakeFiles/cmTC_798d5.dir/feature_tests.cxx.o
/usr/bin/c++    -std=c++14 -o CMakeFiles/cmTC_798d5.dir/feature_tests.cxx.o -c /app/CMakeFiles/feature_tests.cxx
Linking CXX executable cmTC_798d5
/usr/bin/cmake -E cmake_link_script CMakeFiles/cmTC_798d5.dir/link.txt --verbose=1
/usr/bin/c++       -rdynamic CMakeFiles/cmTC_798d5.dir/feature_tests.cxx.o  -o cmTC_798d5 
make[1]: Leaving directory '/app/CMakeFiles/CMakeTmp'


    Feature record: CXX_FEATURE:1cxx_aggregate_default_initializers
    Feature record: CXX_FEATURE:1cxx_alias_templates
    Feature record: CXX_FEATURE:1cxx_alignas
    Feature record: CXX_FEATURE:1cxx_alignof
    Feature record: CXX_FEATURE:1cxx_attributes
    Feature record: CXX_FEATURE:1cxx_attribute_deprecated
    Feature record: CXX_FEATURE:1cxx_auto_type
    Feature record: CXX_FEATURE:1cxx_binary_literals
    Feature record: CXX_FEATURE:1cxx_constexpr
    Feature record: CXX_FEATURE:1cxx_contextual_conversions
    Feature record: CXX_FEATURE:1cxx_decltype
    Feature record: CXX_FEATURE:1cxx_decltype_auto
    Feature record: CXX_FEATURE:1cxx_decltype_incomplete_return_types
    Feature record: CXX_FEATURE:1cxx_default_function_template_args
    Feature record: CXX_FEATURE:1cxx_defaulted_functions
    Feature record: CXX_FEATURE:1cxx_defaulted_move_initializers
    Feature record: CXX_FEATURE:1cxx_delegating_constructors
    Feature record: CXX_FEATURE:1cxx_deleted_functions
    Feature record: CXX_FEATURE:1cxx_digit_separators
    Feature record: CXX_FEATURE:1cxx_enum_forward_declarations
    Feature record: CXX_FEATURE:1cxx_explicit_conversions
    Feature record: CXX_FEATURE:1cxx_extended_friend_declarations
    Feature record: CXX_FEATURE:1cxx_extern_templates
    Feature record: CXX_FEATURE:1cxx_final
    Feature record: CXX_FEATURE:1cxx_func_identifier
    Feature record: CXX_FEATURE:1cxx_generalized_initializers
    Feature record: CXX_FEATURE:1cxx_generic_lambdas
    Feature record: CXX_FEATURE:1cxx_inheriting_constructors
    Feature record: CXX_FEATURE:1cxx_inline_namespaces
    Feature record: CXX_FEATURE:1cxx_lambdas
    Feature record: CXX_FEATURE:1cxx_lambda_init_captures
    Feature record: CXX_FEATURE:1cxx_local_type_template_args
    Feature record: CXX_FEATURE:1cxx_long_long_type
    Feature record: CXX_FEATURE:1cxx_noexcept
    Feature record: CXX_FEATURE:1cxx_nonstatic_member_init
    Feature record: CXX_FEATURE:1cxx_nullptr
    Feature record: CXX_FEATURE:1cxx_override
    Feature record: CXX_FEATURE:1cxx_range_for
    Feature record: CXX_FEATURE:1cxx_raw_string_literals
    Feature record: CXX_FEATURE:1cxx_reference_qualified_functions
    Feature record: CXX_FEATURE:1cxx_relaxed_constexpr
    Feature record: CXX_FEATURE:1cxx_return_type_deduction
    Feature record: CXX_FEATURE:1cxx_right_angle_brackets
    Feature record: CXX_FEATURE:1cxx_rvalue_references
    Feature record: CXX_FEATURE:1cxx_sizeof_member
    Feature record: CXX_FEATURE:1cxx_static_assert
    Feature record: CXX_FEATURE:1cxx_strong_enums
    Feature record: CXX_FEATURE:1cxx_template_template_parameters
    Feature record: CXX_FEATURE:1cxx_thread_local
    Feature record: CXX_FEATURE:1cxx_trailing_return_types
    Feature record: CXX_FEATURE:1cxx_unicode_literals
    Feature record: CXX_FEATURE:1cxx_uniform_initialization
    Feature record: CXX_FEATURE:1cxx_unrestricted_unions
    Feature record: CXX_FEATURE:1cxx_user_literals
    Feature record: CXX_FEATURE:1cxx_variable_templates
    Feature record: CXX_FEATURE:1cxx_variadic_macros
    Feature record: CXX_FEATURE:1cxx_variadic_templates


Detecting CXX [-std=c++11] compiler features compiled with the following output:
Change Dir: /app/CMakeFiles/CMakeTmp

Run Build Command:"/usr/bin/make" "cmTC_e0033/fast"
/usr/bin/make -f CMakeFiles/cmTC_e0033.dir/build.make CMakeFiles/cmTC_e0033.dir/build
make[1]: Entering directory '/app/CMakeFiles/CMakeTmp'
Building CXX object CMakeFiles/cmTC_e0033.dir/feature_tests.cxx.o
/usr/bin/c++    -std=c++11 -o CMakeFiles/cmTC_e0033.dir/feature_tests.cxx.o -c /app/CMakeFiles/feature_tests.cxx
Linking CXX executable cmTC_e0033
/usr/bin/cmake -E cmake_link_script CMakeFiles/cmTC_e0033.dir/link.txt --verbose=1
/usr/bin/c++       -rdynamic CMakeFiles/cmTC_e0033.dir/feature_tests.cxx.o  -o cmTC_e0033 
make[1]: Leaving directory '/app/CMakeFiles/CMakeTmp'


    Feature record: CXX_FEATURE:0cxx_aggregate_default_initializers
    Feature record: CXX_FEATURE:1cxx_alias_templates
    Feature record: CXX_FEATURE:1cxx_alignas
    Feature record: CXX_FEATURE:1cxx_alignof
    Feature record: CXX_FEATURE:1cxx_attributes
    Feature record: CXX_FEATURE:0cxx_attribute_deprecated
    Feature record: CXX_FEATURE:1cxx_auto_type
    Feature record: CXX_FEATURE:0cxx_binary_literals
    Feature record: CXX_FEATURE:1cxx_constexpr
    Feature record: CXX_FEATURE:0cxx_contextual_conversions
    Feature record: CXX_FEATURE:1cxx_decltype
    Feature record: CXX_FEATURE:0cxx_decltype_auto
    Feature record: CXX_FEATURE:1cxx_decltype_incomplete_return_types
    Feature record: CXX_FEATURE:1cxx_default_function_template_args
    Feature record: CXX_FEATURE:1cxx_defaulted_functions
    Feature record: CXX_FEATURE:1cxx_defaulted_move_initializers
    Feature record: CXX_FEATURE:1cxx_delegating_constructors
    Feature record: CXX_FEATURE:1cxx_deleted_functions
    Feature record: CXX_FEATURE:0cxx_digit_separators
    Feature record: CXX_FEATURE:1cxx_enum_forward_declarations
    Feature record: CXX_FEATURE:1cxx_explicit_conversions
    Feature record: CXX_FEATURE:1cxx_extended_friend_declarations
    Feature record: CXX_FEATURE:1cxx_extern_templates
    Feature record: CXX_FEATURE:1cxx_final
    Feature record: CXX_FEATURE:1cxx_func_identifier
    Feature record: CXX_FEATURE:1cxx_generalized_initializers
    Feature record: CXX_FEATURE:0cxx_generic_lambdas
    Feature record: CXX_FEATURE:1cxx_inheriting_constructors
    Feature record: CXX_FEATURE:1cxx_inline_namespaces
    Feature record: CXX_FEATURE:1cxx_lambdas
    Feature record: CXX_FEATURE:0cxx_lambda_init_captures
    Feature record: CXX_FEATURE:1cxx_local_type_template_args
    Feature record: CXX_FEATURE:1cxx_long_long_type
    Feature record: CXX_FEATURE:1cxx_noexcept
    Feature record: CXX_FEATURE:1cxx_nonstatic_member_init
    Feature record: CXX_FEATURE:1cxx_nullptr
    Feature record: CXX_FEATURE:1cxx_override
    Feature record: CXX_FEATURE:1cxx_range_for
    Feature record: CXX_FEATURE:1cxx_raw_string_literals
    Feature record: CXX_FEATURE:1cxx_reference_qualified_functions
    Feature record: CXX_FEATURE:0cxx_relaxed_constexpr
    Feature record: CXX_FEATURE:0cxx_return_type_deduction
    Feature record: CXX_FEATURE:1cxx_right_angle_brackets
    Feature record: CXX_FEATURE:1cxx_rvalue_references
    Feature record: CXX_FEATURE:1cxx_sizeof_member
    Feature record: CXX_FEATURE:1cxx_static_assert
    Feature record: CXX_FEATURE:1cxx_strong_enums
    Feature record: CXX_FEATURE:1cxx_template_template_parameters
    Feature record: CXX_FEATURE:1cxx_thread_local
    Feature record: CXX_FEATURE:1cxx_trailing_return_types
    Feature record: CXX_FEATURE:1cxx_unicode_literals
    Feature record: CXX_FEATURE:1cxx_uniform_initialization
    Feature record: CXX_FEATURE:1cxx_unrestricted_unions
    Feature record: CXX_FEATURE:1cxx_user_literals
    Feature record: CXX_FEATURE:0cxx_variable_templates
    Feature record: CXX_FEATURE:1cxx_variadic_macros
    Feature record: CXX_FEATURE:1cxx_variadic_templates


Detecting CXX [-std=c++98] compiler features compiled with the following output:
Change Dir: /app/CMakeFiles/CMakeTmp

Run Build Command:"/usr/bin/make" "cmTC_91917/fast"
/usr/bin/make -f CMakeFiles/cmTC_91917.dir/build.make CMakeFiles/cmTC_91917.dir/build
make[1]: Entering directory '/app/CMakeFiles/CMakeTmp'
Building CXX object CMakeFiles/cmTC_91917.dir/feature_tests.cxx.o
/usr/bin/c++    -std=c++98 -o CMakeFiles/cmTC_91917.dir/feature_tests.cxx.o -c /app/CMakeFiles/feature_tests.cxx
Linking CXX executable cmTC_91917
/usr/bin/cmake -E cmake_link_script CMakeFiles/cmTC_91917.dir/link.txt --verbose=1
/usr/bin/c++       -rdynamic CMakeFiles/cmTC_91917.dir/feature_tests.cxx.o  -o cmTC_91917 
make[1]: Leaving directory '/app/CMakeFiles/CMakeTmp'


    Feature record: CXX_FEATURE:0cxx_aggregate_default_initializers
    Feature record: CXX_FEATURE:0cxx_alias_templates
    Feature record: CXX_FEATURE:0cxx_alignas
    Feature record: CXX_FEATURE:0cxx_alignof
    Feature record: CXX_FEATURE:0cxx_attributes
    Feature record: CXX_FEATURE:0cxx_attribute_deprecated
    Feature record: CXX_FEATURE:0cxx_auto_type
    Feature record: CXX_FEATURE:0cxx_binary_literals
    Feature record: CXX_FEATURE:0cxx_constexpr
    Feature record: CXX_FEATURE:0cxx_contextual_conversions
    Feature record: CXX_FEATURE:0cxx_decltype
    Feature record: CXX_FEATURE:0cxx_decltype_auto
    Feature record: CXX_FEATURE:0cxx_decltype_incomplete_return_types
    Feature record: CXX_FEATURE:0cxx_default_function_template_args
    Feature record: CXX_FEATURE:0cxx_defaulted_functions
    Feature record: CXX_FEATURE:0cxx_defaulted_move_initializers
    Feature record: CXX_FEATURE:0cxx_delegating_constructors
    Feature record: CXX_FEATURE:0cxx_deleted_functions
    Feature record: CXX_FEATURE:0cxx_digit_separators
    Feature record: CXX_FEATURE:0cxx_enum_forward_declarations
    Feature record: CXX_FEATURE:0cxx_explicit_conversions
    Feature record: CXX_FEATURE:0cxx_extended_friend_declarations
    Feature record: CXX_FEATURE:0cxx_extern_templates
    Feature record: CXX_FEATURE:0cxx_final
    Feature record: CXX_FEATURE:0cxx_func_identifier
    Feature record: CXX_FEATURE:0cxx_generalized_initializers
    Feature record: CXX_FEATURE:0cxx_generic_lambdas
    Feature record: CXX_FEATURE:0cxx_inheriting_constructors
    Feature record: CXX_FEATURE:0cxx_inline_namespaces
    Feature record: CXX_FEATURE:0cxx_lambdas
    Feature record: CXX_FEATURE:0cxx_lambda_init_captures
    Feature record: CXX_FEATURE:0cxx_local_type_template_args
    Feature record: CXX_FEATURE:0cxx_long_long_type
    Feature record: CXX_FEATURE:0cxx_noexcept
    Feature record: CXX_FEATURE:0cxx_nonstatic_member_init
    Feature record: CXX_FEATURE:0cxx_nullptr
    Feature record: CXX_FEATURE:0cxx_override
    Feature record: CXX_FEATURE:0cxx_range_for
    Feature record: CXX_FEATURE:0cxx_raw_string_literals
    Feature record: CXX_FEATURE:0cxx_reference_qualified_functions
    Feature record: CXX_FEATURE:0cxx_relaxed_constexpr
    Feature record: CXX_FEATURE:0cxx_return_type_deduction
    Feature record: CXX_FEATURE:0cxx_right_angle_brackets
    Feature record: CXX_FEATURE:0cxx_rvalue_references
    Feature record: CXX_FEATURE:0cxx_sizeof_member
    Feature record: CXX_FEATURE:0cxx_static_assert
    Feature record: CXX_FEATURE:0cxx_strong_enums
    Feature record: CXX_FEATURE:1cxx_template_template_parameters
    Feature record: CXX_FEATURE:0cxx_thread_local
    Feature record: CXX_FEATURE:0cxx_trailing_return_types
    Feature record: CXX_FEATURE:0cxx_unicode_literals
    Feature record: CXX_FEATURE:0cxx_uniform_initialization
    Feature record: CXX_FEATURE:0cxx_unrestricted_unions
    Feature record: CXX_FEATURE:0cxx_user_literals
    Feature record: CXX_FEATURE:0cxx_variable_templates
    Feature record: CXX_FEATURE:0cxx_variadic_macros
    Feature record: CXX_FEATURE:0cxx_variadic_templates
The system is: Linux - 5.15.49-linuxkit - x86_64
Compiling the C compiler identification source file "CMakeCCompilerId.c" succeeded.
Compiler: /usr/bin/cc 
Build flags: 
Id flags:  

The output was:
0


Compilation of the C compiler identification source "CMakeCCompilerId.c" produced "a.out"

The C compiler identification is GNU, found in "/app/CMakeFiles/3.11.1/CompilerIdC/a.out"

Compiling the CXX compiler identification source file "CMakeCXXCompilerId.cpp" succeeded.
Compiler: /usr/bin/c++ 
Build flags: 
Id flags:  

The output was:
0


Compilation of the CXX compiler identification source "CMakeCXXCompilerId.cpp" produced "a.out"

The CXX compiler identification is GNU, found in "/app/CMakeFiles/3.11.1/CompilerIdCXX/a.out"

Determining if the C compiler works passed with the following output:
Change Dir: /app/CMakeFiles/CMakeTmp

Run Build Command:"/usr/bin/make" "cmTC_30503/fast"
/usr/bin/make -f CMakeFiles/cmTC_30503.dir/build.make CMakeFiles/cmTC_30503.dir/build
make[1]: Entering directory '/app/CMakeFiles/CMakeTmp'
Building C object CMakeFiles/cmTC_30503.dir/testCCompiler.c.o
/usr/bin/cc    -o CMakeFiles/cmTC_30503.dir/testCCompiler.c.o   -c /app/CMakeFiles/CMakeTmp/testCCompiler.c
Linking C executable cmTC_30503
/usr/bin/cmake -E cmake_link_script CMakeFiles/cmTC_30503.dir/link.txt --verbose=1
/usr/bin/cc      -rdynamic CMakeFiles/cmTC_30503.dir/testCCompiler.c.o  -o cmTC_30503 
make[1]: Leaving directory '/app/CMakeFiles/CMakeTmp'


Detecting C compiler ABI info compiled with the following output:
Change Dir: /app/CMakeFiles/CMakeTmp

Run Build Command:"/usr/bin/make" "cmTC_b23af/fast"
/usr/bin/make -f CMakeFiles/cmTC_b23af.dir/build.make CMakeFiles/cmTC_b23af.dir/build
make[1]: Entering directory '/app/CMakeFiles/CMakeTmp'
Building C object CMakeFiles/cmTC_b23af.dir/CMakeCCompilerABI.c.o
/usr/bin/cc    -o CMakeFiles/cmTC_b23af.dir/CMakeCCompilerABI.c.o   -c /usr/share/cmake/Modules/CMakeCCompilerABI.c
Linking C executable cmTC_b23af
/usr/bin/cmake -E cmake_link_script CMakeFiles/cmTC_b23af.dir/link.txt --verbose=1
/usr/bin/cc     -v -rdynamic CMakeFiles/cmTC_b23af.dir/CMakeCCompilerABI.c.o  -o cmTC_b23af 
Using built-in specs.
COLLECT_GCC=/usr/bin/cc
COLLECT_LTO_WRAPPER=/usr/libexec/gcc/x86_64-alpine-linux-musl/6.4.0/lto-wrapper
Target: x86_64-alpine-linux-musl
Configured with: /home/buildozer/aports/main/gcc/src/gcc-6.4.0/configure --prefix=/usr --mandir=/usr/share/man --infodir=/usr/share/info --build=x86_64-alpine-linux-musl --host=x86_64-alpine-linux-musl --target=x86_64-alpine-linux-musl --with-pkgversion='Alpine 6.4.0' --enable-checking=release --disable-fixed-point --disable-libstdcxx-pch --disable-multilib --disable-nls --disable-werror --disable-symvers --enable-__cxa_atexit --enable-default-pie --enable-cloog-backend --enable-languages=c,c++,objc,java,fortran,ada --disable-libssp --disable-libmpx --disable-libmudflap --disable-libsanitizer --enable-shared --enable-threads --enable-tls --with-system-zlib --with-linker-hash-style=gnu
Thread model: posix
gcc version 6.4.0 (Alpine 6.4.0) 
COMPILER_PATH=/usr/libexec/gcc/x86_64-alpine-linux-musl/6.4.0/:/usr/libexec/gcc/x86_64-alpine-linux-musl/6.4.0/:/usr/libexec/gcc/x86_64-alpine-linux-musl/:/usr/lib/gcc/x86_64-alpine-linux-musl/6.4.0/:/usr/lib/gcc/x86_64-alpine-linux-musl/:/usr/lib/gcc/x86_64-alpine-linux-musl/6.4.0/../../../../x86_64-alpine-linux-musl/bin/
LIBRARY_PATH=/usr/lib/gcc/x86_64-alpine-linux-musl/6.4.0/:/usr/lib/gcc/x86_64-alpine-linux-musl/6.4.0/../../../../x86_64-alpine-linux-musl/lib/../lib/:/usr/lib/gcc/x86_64-alpine-linux-musl/6.4.0/../../../../lib/:/lib/../lib/:/usr/lib/../lib/:/usr/lib/gcc/x86_64-alpine-linux-musl/6.4.0/../../../../x86_64-alpine-linux-musl/lib/:/usr/lib/gcc/x86_64-alpine-linux-musl/6.4.0/../../../:/lib/:/usr/lib/
COLLECT_GCC_OPTIONS='-v' '-rdynamic' '-o' 'cmTC_b23af' '-mtune=generic' '-march=x86-64'
 /usr/libexec/gcc/x86_64-alpine-linux-musl/6.4.0/collect2 -plugin /usr/libexec/gcc/x86_64-alpine-linux-musl/6.4.0/liblto_plugin.so -plugin-opt=/usr/libexec/gcc/x86_64-alpine-linux-musl/6.4.0/lto-wrapper -plugin-opt=-fresolution=/tmp/ccjciLab.res -plugin-opt=-pass-through=-lgcc -plugin-opt=-pass-through=-lgcc_s -plugin-opt=-pass-through=-lc -plugin-opt=-pass-through=-lgcc -plugin-opt=-pass-through=-lgcc_s --eh-frame-hdr --hash-style=gnu -m elf_x86_64 --as-needed -export-dynamic -dynamic-linker /lib/ld-musl-x86_64.so.1 -pie -z relro -z now -o cmTC_b23af /usr/lib/gcc/x86_64-alpine-linux-musl/6.4.0/../../../../lib/Scrt1.o /usr/lib/gcc/x86_64-alpine-linux-musl/6.4.0/../../../../lib/crti.o /usr/lib/gcc/x86_64-alpine-linux-musl/6.4.0/crtbeginS.o -L/usr/lib/gcc/x86_64-alpine-linux-musl/6.4.0 -L/usr/lib/gcc/x86_64-alpine-linux-musl/6.4.0/../../../../x86_64-alpine-linux-musl/lib/../lib -L/usr/lib/gcc/x86_64-alpine-linux-musl/6.4.0/../../../../lib -L/lib/../lib -L/usr/lib/../lib -L/usr/lib/gcc/x86_64-alpine-linux-musl/6.4.0/../../../../x86_64-alpine-linux-musl/lib -L/usr/lib/gcc/x86_64-alpine-linux-musl/6.4.0/../../.. CMakeFiles/cmTC_b23af.dir/CMakeCCompilerABI.c.o -lssp_nonshared -lgcc --as-needed -lgcc_s --no-as-needed -lc -lgcc --as-needed -lgcc_s --no-as-needed /usr/lib/gcc/x86_64-alpine-linux-musl/6.4.0/crtendS.o /usr/lib/gcc/x86_64-alpine-linux-musl/6.4.0/../../../../lib/crtn.o
COLLECT_GCC_OPTIONS='-v' '-rdynamic' '-o' 'cmTC_b23af' '-mtune=generic' '-march=x86-64'
make[1]: Leaving directory '/app/CMakeFiles/CMakeTmp'


Parsed C implicit link information from above output:
  link line regex: [^( *|.*[/\])(ld|CMAKE_LINK_STARTFILE-NOTFOUND|([^/\]+-)?ld|collect2)[^/\]*( |$)]
  ignore line: [Change Dir: /app/CMakeFiles/CMakeTmp]
  ignore line: []
  ignore line: [Run Build Command:"/usr/bin/make" "cmTC_b23af/fast"]
  ignore line: [/usr/bin/make -f CMakeFiles/cmTC_b23af.dir/build.make CMakeFiles/cmTC_b23af.dir/build]
  ignore line: [make[1]: Entering directory '/app/CMakeFiles/CMakeTmp']
  ignore line: [Building C object CMakeFiles/cmTC_b23af.dir/CMakeCCompilerABI.c.o]
  ignore line: [/usr/bin/cc    -o CMakeFiles/cmTC_b23af.dir/CMakeCCompilerABI.c.o   -c /usr/share/cmake/Modules/CMakeCCompilerABI.c]
  ignore line: [Linking C executable cmTC_b23af]
  ignore line: [/usr/bin/cmake -E cmake_link_script CMakeFiles/cmTC_b23af.dir/link.txt --verbose=1]
  ignore line: [/usr/bin/cc     -v -rdynamic CMakeFiles/cmTC_b23af.dir/CMakeCCompilerABI.c.o  -o cmTC_b23af ]
  ignore line: [Using built-in specs.]
  ignore line: [COLLECT_GCC=/usr/bin/cc]
  ignore line: [COLLECT_LTO_WRAPPER=/usr/libexec/gcc/x86_64-alpine-linux-musl/6.4.0/lto-wrapper]
  ignore line: [Target: x86_64-alpine-linux-musl]
  ignore line: [Configured with: /home/buildozer/aports/main/gcc/src/gcc-6.4.0/configure --prefix=/usr --mandir=/usr/share/man --infodir=/usr/share/info --build=x86_64-alpine-linux-musl --host=x86_64-alpine-linux-musl --target=x86_64-alpine-linux-musl --with-pkgversion='Alpine 6.4.0' --enable-checking=release --disable-fixed-point --disable-libstdcxx-pch --disable-multilib --disable-nls --disable-werror --disable-symvers --enable-__cxa_atexit --enable-default-pie --enable-cloog-backend --enable-languages=c,c++,objc,java,fortran,ada --disable-libssp --disable-libmpx --disable-libmudflap --disable-libsanitizer --enable-shared --enable-threads --enable-tls --with-system-zlib --with-linker-hash-style=gnu]
  ignore line: [Thread model: posix]
  ignore line: [gcc version 6.4.0 (Alpine 6.4.0) ]
  ignore line: [COMPILER_PATH=/usr/libexec/gcc/x86_64-alpine-linux-musl/6.4.0/:/usr/libexec/gcc/x86_64-alpine-linux-musl/6.4.0/:/usr/libexec/gcc/x86_64-alpine-linux-musl/:/usr/lib/gcc/x86_64-alpine-linux-musl/6.4.0/:/usr/lib/gcc/x86_64-alpine-linux-musl/:/usr/lib/gcc/x86_64-alpine-linux-musl/6.4.0/../../../../x86_64-alpine-linux-musl/bin/]
  ignore line: [LIBRARY_PATH=/usr/lib/gcc/x86_64-alpine-linux-musl/6.4.0/:/usr/lib/gcc/x86_64-alpine-linux-musl/6.4.0/../../../../x86_64-alpine-linux-musl/lib/../lib/:/usr/lib/gcc/x86_64-alpine-linux-musl/6.4.0/../../../../lib/:/lib/../lib/:/usr/lib/../lib/:/usr/lib/gcc/x86_64-alpine-linux-musl/6.4.0/../../../../x86_64-alpine-linux-musl/lib/:/usr/lib/gcc/x86_64-alpine-linux-musl/6.4.0/../../../:/lib/:/usr/lib/]
  ignore line: [COLLECT_GCC_OPTIONS='-v' '-rdynamic' '-o' 'cmTC_b23af' '-mtune=generic' '-march=x86-64']
  link line: [ /usr/libexec/gcc/x86_64-alpine-linux-musl/6.4.0/collect2 -plugin /usr/libexec/gcc/x86_64-alpine-linux-musl/6.4.0/liblto_plugin.so -plugin-opt=/usr/libexec/gcc/x86_64-alpine-linux-musl/6.4.0/lto-wrapper -plugin-opt=-fresolution=/tmp/ccjciLab.res -plugin-opt=-pass-through=-lgcc -plugin-opt=-pass-through=-lgcc_s -plugin-opt=-pass-through=-lc -plugin-opt=-pass-through=-lgcc -plugin-opt=-pass-through=-lgcc_s --eh-frame-hdr --hash-style=gnu -m elf_x86_64 --as-needed -export-dynamic -dynamic-linker /lib/ld-musl-x86_64.so.1 -pie -z relro -z now -o cmTC_b23af /usr/lib/gcc/x86_64-alpine-linux-musl/6.4.0/../../../../lib/Scrt1.o /usr/lib/gcc/x86_64-alpine-linux-musl/6.4.0/../../../../lib/crti.o /usr/lib/gcc/x86_64-alpine-linux-musl/6.4.0/crtbeginS.o -L/usr/lib/gcc/x86_64-alpine-linux-musl/6.4.0 -L/usr/lib/gcc/x86_64-alpine-linux-musl/6.4.0/../../../../x86_64-alpine-linux-musl/lib/../lib -L/usr/lib/gcc/x86_64-alpine-linux-musl/6.4.0/../../../../lib -L/lib/../lib -L/usr/lib/../lib -L/usr/lib/gcc/x86_64-alpine-linux-musl/6.4.0/../../../../x86_64-alpine-linux-musl/lib -L/usr/lib/gcc/x86_64-alpine-linux-musl/6.4.0/../../.. CMakeFiles/cmTC_b23af.dir/CMakeCCompilerABI.c.o -lssp_nonshared -lgcc --as-needed -lgcc_s --no-as-needed -lc -lgcc --as-needed -lgcc_s --no-as-needed /usr/lib/gcc/x86_64-alpine-linux-musl/6.4.0/crtendS.o /usr/lib/gcc/x86_64-alpine-linux-musl/6.4.0/../../../../lib/crtn.o]
    arg [/usr/libexec/gcc/x86_64-alpine-linux-musl/6.4.0/collect2] ==> ignore
    arg [-plugin] ==> ignore
    arg [/usr/libexec/gcc/x86_64-alpine-linux-musl/6.4.0/liblto_plugin.so] ==> ignore
    arg [-plugin-opt=/usr/libexec/gcc/x86_64-alpine-linux-musl/6.4.0/lto-wrapper] ==> ignore
    arg [-plugin-opt=-fresolution=/tmp/ccjciLab.res] ==> ignore
    arg [-plugin-opt=-pass-through=-lgcc] ==> ignore
    arg [-plugin-opt=-pass-through=-lgcc_s] ==> ignore
    arg [-plugin-opt=-pass-through=-lc] ==> ignore
    arg [-plugin-opt=-pass-through=-lgcc] ==> ignore
    arg [-plugin-opt=-pass-through=-lgcc_s] ==> ignore
    arg [--eh-frame-hdr] ==> ignore
    arg [--hash-style=gnu] ==> ignore
    arg [-m] ==> ignore
    arg [elf_x86_64] ==> ignore
    arg [--as-needed] ==> ignore
    arg [-export-dynamic] ==> ignore
    arg [-dynamic-linker] ==> ignore
    arg [/lib/ld-musl-x86_64.so.1] ==> ignore
    arg [-pie] ==> ignore
    arg [-zrelro] ==> ignore
    arg [-znow] ==> ignore
    arg [-o] ==> ignore
    arg [cmTC_b23af] ==> ignore
    arg [/usr/lib/gcc/x86_64-alpine-linux-musl/6.4.0/../../../../lib/Scrt1.o] ==> ignore
    arg [/usr/lib/gcc/x86_64-alpine-linux-musl/6.4.0/../../../../lib/crti.o] ==> ignore
    arg [/usr/lib/gcc/x86_64-alpine-linux-musl/6.4.0/crtbeginS.o] ==> ignore
    arg [-L/usr/lib/gcc/x86_64-alpine-linux-musl/6.4.0] ==> dir [/usr/lib/gcc/x86_64-alpine-linux-musl/6.4.0]
    arg [-L/usr/lib/gcc/x86_64-alpine-linux-musl/6.4.0/../../../../x86_64-alpine-linux-musl/lib/../lib] ==> dir [/usr/lib/gcc/x86_64-alpine-linux-musl/6.4.0/../../../../x86_64-alpine-linux-musl/lib/../lib]
    arg [-L/usr/lib/gcc/x86_64-alpine-linux-musl/6.4.0/../../../../lib] ==> dir [/usr/lib/gcc/x86_64-alpine-linux-musl/6.4.0/../../../../lib]
    arg [-L/lib/../lib] ==> dir [/lib/../lib]
    arg [-L/usr/lib/../lib] ==> dir [/usr/lib/../lib]
    arg [-L/usr/lib/gcc/x86_64-alpine-linux-musl/6.4.0/../../../../x86_64-alpine-linux-musl/lib] ==> dir [/usr/lib/gcc/x86_64-alpine-linux-musl/6.4.0/../../../../x86_64-alpine-linux-musl/lib]
    arg [-L/usr/lib/gcc/x86_64-alpine-linux-musl/6.4.0/../../..] ==> dir [/usr/lib/gcc/x86_64-alpine-linux-musl/6.4.0/../../..]
    arg [CMakeFiles/cmTC_b23af.dir/CMakeCCompilerABI.c.o] ==> ignore
    arg [-lssp_nonshared] ==> lib [ssp_nonshared]
    arg [-lgcc] ==> lib [gcc]
    arg [--as-needed] ==> ignore
    arg [-lgcc_s] ==> lib [gcc_s]
    arg [--no-as-needed] ==> ignore
    arg [-lc] ==> lib [c]
    arg [-lgcc] ==> lib [gcc]
    arg [--as-needed] ==> ignore
    arg [-lgcc_s] ==> lib [gcc_s]
    arg [--no-as-needed] ==> ignore
    arg [/usr/lib/gcc/x86_64-alpine-linux-musl/6.4.0/crtendS.o] ==> ignore
    arg [/usr/lib/gcc/x86_64-alpine-linux-musl/6.4.0/../../../../lib/crtn.o] ==> ignore
  collapse library dir [/usr/lib/gcc/x86_64-alpine-linux-musl/6.4.0] ==> [/usr/lib/gcc/x86_64-alpine-linux-musl/6.4.0]
  collapse library dir [/usr/lib/gcc/x86_64-alpine-linux-musl/6.4.0/../../../../x86_64-alpine-linux-musl/lib/../lib] ==> [/usr/x86_64-alpine-linux-musl/lib]
  collapse library dir [/usr/lib/gcc/x86_64-alpine-linux-musl/6.4.0/../../../../lib] ==> [/usr/lib]
  collapse library dir [/lib/../lib] ==> [/lib]
  collapse library dir [/usr/lib/../lib] ==> [/usr/lib]
  collapse library dir [/usr/lib/gcc/x86_64-alpine-linux-musl/6.4.0/../../../../x86_64-alpine-linux-musl/lib] ==> [/usr/x86_64-alpine-linux-musl/lib]
  collapse library dir [/usr/lib/gcc/x86_64-alpine-linux-musl/6.4.0/../../..] ==> [/usr/lib]
  implicit libs: [ssp_nonshared;gcc;gcc_s;c;gcc;gcc_s]
  implicit dirs: [/usr/lib/gcc/x86_64-alpine-linux-musl/6.4.0;/usr/x86_64-alpine-linux-musl/lib;/usr/lib;/lib]
  implicit fwks: []




Detecting C [-std=c11] compiler features compiled with the following output:
Change Dir: /app/CMakeFiles/CMakeTmp

Run Build Command:"/usr/bin/make" "cmTC_8cf3f/fast"
/usr/bin/make -f CMakeFiles/cmTC_8cf3f.dir/build.make CMakeFiles/cmTC_8cf3f.dir/build
make[1]: Entering directory '/app/CMakeFiles/CMakeTmp'
Building C object CMakeFiles/cmTC_8cf3f.dir/feature_tests.c.o
/usr/bin/cc   -std=c11 -o CMakeFiles/cmTC_8cf3f.dir/feature_tests.c.o   -c /app/CMakeFiles/feature_tests.c
Linking C executable cmTC_8cf3f
/usr/bin/cmake -E cmake_link_script CMakeFiles/cmTC_8cf3f.dir/link.txt --verbose=1
/usr/bin/cc      -rdynamic CMakeFiles/cmTC_8cf3f.dir/feature_tests.c.o  -o cmTC_8cf3f 
make[1]: Leaving directory '/app/CMakeFiles/CMakeTmp'


    Feature record: C_FEATURE:1c_function_prototypes
    Feature record: C_FEATURE:1c_restrict
    Feature record: C_FEATURE:1c_static_assert
    Feature record: C_FEATURE:1c_variadic_macros


Detecting C [-std=c99] compiler features compiled with the following output:
Change Dir: /app/CMakeFiles/CMakeTmp

Run Build Command:"/usr/bin/make" "cmTC_66c68/fast"
/usr/bin/make -f CMakeFiles/cmTC_66c68.dir/build.make CMakeFiles/cmTC_66c68.dir/build
make[1]: Entering directory '/app/CMakeFiles/CMakeTmp'
Building C object CMakeFiles/cmTC_66c68.dir/feature_tests.c.o
/usr/bin/cc   -std=c99 -o CMakeFiles/cmTC_66c68.dir/feature_tests.c.o   -c /app/CMakeFiles/feature_tests.c
Linking C executable cmTC_66c68
/usr/bin/cmake -E cmake_link_script CMakeFiles/cmTC_66c68.dir/link.txt --verbose=1
/usr/bin/cc      -rdynamic CMakeFiles/cmTC_66c68.dir/feature_tests.c.o  -o cmTC_66c68 
make[1]: Leaving directory '/app/CMakeFiles/CMakeTmp'


    Feature record: C_FEATURE:1c_function_prototypes
    Feature record: C_FEATURE:1c_restrict
    Feature record: C_FEATURE:0c_static_assert
    Feature record: C_FEATURE:1c_variadic_macros


Detecting C [-std=c90] compiler features compiled with the following output:
Change Dir: /app/CMakeFiles/CMakeTmp

Run Build Command:"/usr/bin/make" "cmTC_99d5a/fast"
/usr/bin/make -f CMakeFiles/cmTC_99d5a.dir/build.make CMakeFiles/cmTC_99d5a.dir/build
make[1]: Entering directory '/app/CMakeFiles/CMakeTmp'
Building C object CMakeFiles/cmTC_99d5a.dir/feature_tests.c.o
/usr/bin/cc   -std=c90 -o CMakeFiles/cmTC_99d5a.dir/feature_tests.c.o   -c /app/CMakeFiles/feature_tests.c
Linking C executable cmTC_99d5a
/usr/bin/cmake -E cmake_link_script CMakeFiles/cmTC_99d5a.dir/link.txt --verbose=1
/usr/bin/cc      -rdynamic CMakeFiles/cmTC_99d5a.dir/feature_tests.c.o  -o cmTC_99d5a 
make[1]: Leaving directory '/app/CMakeFiles/CMakeTmp'


    Feature record: C_FEATURE:1c_function_prototypes
    Feature record: C_FEATURE:0c_restrict
    Feature record: C_FEATURE:0c_static_assert
    Feature record: C_FEATURE:0c_variadic_macros
Determining if the CXX compiler works passed with the following output:
Change Dir: /app/CMakeFiles/CMakeTmp

Run Build Command:"/usr/bin/make" "cmTC_7f693/fast"
/usr/bin/make -f CMakeFiles/cmTC_7f693.dir/build.make CMakeFiles/cmTC_7f693.dir/build
make[1]: Entering directory '/app/CMakeFiles/CMakeTmp'
Building CXX object CMakeFiles/cmTC_7f693.dir/testCXXCompiler.cxx.o
/usr/bin/c++     -o CMakeFiles/cmTC_7f693.dir/testCXXCompiler.cxx.o -c /app/CMakeFiles/CMakeTmp/testCXXCompiler.cxx
Linking CXX executable cmTC_7f693
/usr/bin/cmake -E cmake_link_script CMakeFiles/cmTC_7f693.dir/link.txt --verbose=1
/usr/bin/c++       -rdynamic CMakeFiles/cmTC_7f693.dir/testCXXCompiler.cxx.o  -o cmTC_7f693 
make[1]: Leaving directory '/app/CMakeFiles/CMakeTmp'


Detecting CXX compiler ABI info compiled with the following output:
Change Dir: /app/CMakeFiles/CMakeTmp

Run Build Command:"/usr/bin/make" "cmTC_071ea/fast"
/usr/bin/make -f CMakeFiles/cmTC_071ea.dir/build.make CMakeFiles/cmTC_071ea.dir/build
make[1]: Entering directory '/app/CMakeFiles/CMakeTmp'
Building CXX object CMakeFiles/cmTC_071ea.dir/CMakeCXXCompilerABI.cpp.o
/usr/bin/c++     -o CMakeFiles/cmTC_071ea.dir/CMakeCXXCompilerABI.cpp.o -c /usr/share/cmake/Modules/CMakeCXXCompilerABI.cpp
Linking CXX executable cmTC_071ea
/usr/bin/cmake -E cmake_link_script CMakeFiles/cmTC_071ea.dir/link.txt --verbose=1
/usr/bin/c++      -v -rdynamic CMakeFiles/cmTC_071ea.dir/CMakeCXXCompilerABI.cpp.o  -o cmTC_071ea 
Using built-in specs.
COLLECT_GCC=/usr/bin/c++
COLLECT_LTO_WRAPPER=/usr/libexec/gcc/x86_64-alpine-linux-musl/6.4.0/lto-wrapper
Target: x86_64-alpine-linux-musl
Configured with: /home/buildozer/aports/main/gcc/src/gcc-6.4.0/configure --prefix=/usr --mandir=/usr/share/man --infodir=/usr/share/info --build=x86_64-alpine-linux-musl --host=x86_64-alpine-linux-musl --target=x86_64-alpine-linux-musl --with-pkgversion='Alpine 6.4.0' --enable-checking=release --disable-fixed-point --disable-libstdcxx-pch --disable-multilib --disable-nls --disable-werror --disable-symvers --enable-__cxa_atexit --enable-default-pie --enable-cloog-backend --enable-languages=c,c++,objc,java,fortran,ada --disable-libssp --disable-libmpx --disable-libmudflap --disable-libsanitizer --enable-shared --enable-threads --enable-tls --with-system-zlib --with-linker-hash-style=gnu
Thread model: posix
gcc version 6.4.0 (Alpine 6.4.0) 
COMPILER_PATH=/usr/libexec/gcc/x86_64-alpine-linux-musl/6.4.0/:/usr/libexec/gcc/x86_64-alpine-linux-musl/6.4.0/:/usr/libexec/gcc/x86_64-alpine-linux-musl/:/usr/lib/gcc/x86_64-alpine-linux-musl/6.4.0/:/usr/lib/gcc/x86_64-alpine-linux-musl/:/usr/lib/gcc/x86_64-alpine-linux-musl/6.4.0/../../../../x86_64-alpine-linux-musl/bin/
LIBRARY_PATH=/usr/lib/gcc/x86_64-alpine-linux-musl/6.4.0/:/usr/lib/gcc/x86_64-alpine-linux-musl/6.4.0/../../../../x86_64-alpine-linux-musl/lib/../lib/:/usr/lib/gcc/x86_64-alpine-linux-musl/6.4.0/../../../../lib/:/lib/../lib/:/usr/lib/../lib/:/usr/lib/gcc/x86_64-alpine-linux-musl/6.4.0/../../../../x86_64-alpine-linux-musl/lib/:/usr/lib/gcc/x86_64-alpine-linux-musl/6.4.0/../../../:/lib/:/usr/lib/
COLLECT_GCC_OPTIONS='-v' '-rdynamic' '-o' 'cmTC_071ea' '-shared-libgcc' '-mtune=generic' '-march=x86-64'
 /usr/libexec/gcc/x86_64-alpine-linux-musl/6.4.0/collect2 -plugin /usr/libexec/gcc/x86_64-alpine-linux-musl/6.4.0/liblto_plugin.so -plugin-opt=/usr/libexec/gcc/x86_64-alpine-linux-musl/6.4.0/lto-wrapper -plugin-opt=-fresolution=/tmp/ccgLEblm.res -plugin-opt=-pass-through=-lgcc_s -plugin-opt=-pass-through=-lgcc -plugin-opt=-pass-through=-lc -plugin-opt=-pass-through=-lgcc_s -plugin-opt=-pass-through=-lgcc --eh-frame-hdr --hash-style=gnu -m elf_x86_64 --as-needed -export-dynamic -dynamic-linker /lib/ld-musl-x86_64.so.1 -pie -z relro -z now -o cmTC_071ea /usr/lib/gcc/x86_64-alpine-linux-musl/6.4.0/../../../../lib/Scrt1.o /usr/lib/gcc/x86_64-alpine-linux-musl/6.4.0/../../../../lib/crti.o /usr/lib/gcc/x86_64-alpine-linux-musl/6.4.0/crtbeginS.o -L/usr/lib/gcc/x86_64-alpine-linux-musl/6.4.0 -L/usr/lib/gcc/x86_64-alpine-linux-musl/6.4.0/../../../../x86_64-alpine-linux-musl/lib/../lib -L/usr/lib/gcc/x86_64-alpine-linux-musl/6.4.0/../../../../lib -L/lib/../lib -L/usr/lib/../lib -L/usr/lib/gcc/x86_64-alpine-linux-musl/6.4.0/../../../../x86_64-alpine-linux-musl/lib -L/usr/lib/gcc/x86_64-alpine-linux-musl/6.4.0/../../.. CMakeFiles/cmTC_071ea.dir/CMakeCXXCompilerABI.cpp.o -lstdc++ -lm -lssp_nonshared -lgcc_s -lgcc -lc -lgcc_s -lgcc /usr/lib/gcc/x86_64-alpine-linux-musl/6.4.0/crtendS.o /usr/lib/gcc/x86_64-alpine-linux-musl/6.4.0/../../../../lib/crtn.o
COLLECT_GCC_OPTIONS='-v' '-rdynamic' '-o' 'cmTC_071ea' '-shared-libgcc' '-mtune=generic' '-march=x86-64'
make[1]: Leaving directory '/app/CMakeFiles/CMakeTmp'


Parsed CXX implicit link information from above output:
  link line regex: [^( *|.*[/\])(ld|CMAKE_LINK_STARTFILE-NOTFOUND|([^/\]+-)?ld|collect2)[^/\]*( |$)]
  ignore line: [Change Dir: /app/CMakeFiles/CMakeTmp]
  ignore line: []
  ignore line: [Run Build Command:"/usr/bin/make" "cmTC_071ea/fast"]
  ignore line: [/usr/bin/make -f CMakeFiles/cmTC_071ea.dir/build.make CMakeFiles/cmTC_071ea.dir/build]
  ignore line: [make[1]: Entering directory '/app/CMakeFiles/CMakeTmp']
  ignore line: [Building CXX object CMakeFiles/cmTC_071ea.dir/CMakeCXXCompilerABI.cpp.o]
  ignore line: [/usr/bin/c++     -o CMakeFiles/cmTC_071ea.dir/CMakeCXXCompilerABI.cpp.o -c /usr/share/cmake/Modules/CMakeCXXCompilerABI.cpp]
  ignore line: [Linking CXX executable cmTC_071ea]
  ignore line: [/usr/bin/cmake -E cmake_link_script CMakeFiles/cmTC_071ea.dir/link.txt --verbose=1]
  ignore line: [/usr/bin/c++      -v -rdynamic CMakeFiles/cmTC_071ea.dir/CMakeCXXCompilerABI.cpp.o  -o cmTC_071ea ]
  ignore line: [Using built-in specs.]
  ignore line: [COLLECT_GCC=/usr/bin/c++]
  ignore line: [COLLECT_LTO_WRAPPER=/usr/libexec/gcc/x86_64-alpine-linux-musl/6.4.0/lto-wrapper]
  ignore line: [Target: x86_64-alpine-linux-musl]
  ignore line: [Configured with: /home/buildozer/aports/main/gcc/src/gcc-6.4.0/configure --prefix=/usr --mandir=/usr/share/man --infodir=/usr/share/info --build=x86_64-alpine-linux-musl --host=x86_64-alpine-linux-musl --target=x86_64-alpine-linux-musl --with-pkgversion='Alpine 6.4.0' --enable-checking=release --disable-fixed-point --disable-libstdcxx-pch --disable-multilib --disable-nls --disable-werror --disable-symvers --enable-__cxa_atexit --enable-default-pie --enable-cloog-backend --enable-languages=c,c++,objc,java,fortran,ada --disable-libssp --disable-libmpx --disable-libmudflap --disable-libsanitizer --enable-shared --enable-threads --enable-tls --with-system-zlib --with-linker-hash-style=gnu]
  ignore line: [Thread model: posix]
  ignore line: [gcc version 6.4.0 (Alpine 6.4.0) ]
  ignore line: [COMPILER_PATH=/usr/libexec/gcc/x86_64-alpine-linux-musl/6.4.0/:/usr/libexec/gcc/x86_64-alpine-linux-musl/6.4.0/:/usr/libexec/gcc/x86_64-alpine-linux-musl/:/usr/lib/gcc/x86_64-alpine-linux-musl/6.4.0/:/usr/lib/gcc/x86_64-alpine-linux-musl/:/usr/lib/gcc/x86_64-alpine-linux-musl/6.4.0/../../../../x86_64-alpine-linux-musl/bin/]
  ignore line: [LIBRARY_PATH=/usr/lib/gcc/x86_64-alpine-linux-musl/6.4.0/:/usr/lib/gcc/x86_64-alpine-linux-musl/6.4.0/../../../../x86_64-alpine-linux-musl/lib/../lib/:/usr/lib/gcc/x86_64-alpine-linux-musl/6.4.0/../../../../lib/:/lib/../lib/:/usr/lib/../lib/:/usr/lib/gcc/x86_64-alpine-linux-musl/6.4.0/../../../../x86_64-alpine-linux-musl/lib/:/usr/lib/gcc/x86_64-alpine-linux-musl/6.4.0/../../../:/lib/:/usr/lib/]
  ignore line: [COLLECT_GCC_OPTIONS='-v' '-rdynamic' '-o' 'cmTC_071ea' '-shared-libgcc' '-mtune=generic' '-march=x86-64']
  link line: [ /usr/libexec/gcc/x86_64-alpine-linux-musl/6.4.0/collect2 -plugin /usr/libexec/gcc/x86_64-alpine-linux-musl/6.4.0/liblto_plugin.so -plugin-opt=/usr/libexec/gcc/x86_64-alpine-linux-musl/6.4.0/lto-wrapper -plugin-opt=-fresolution=/tmp/ccgLEblm.res -plugin-opt=-pass-through=-lgcc_s -plugin-opt=-pass-through=-lgcc -plugin-opt=-pass-through=-lc -plugin-opt=-pass-through=-lgcc_s -plugin-opt=-pass-through=-lgcc --eh-frame-hdr --hash-style=gnu -m elf_x86_64 --as-needed -export-dynamic -dynamic-linker /lib/ld-musl-x86_64.so.1 -pie -z relro -z now -o cmTC_071ea /usr/lib/gcc/x86_64-alpine-linux-musl/6.4.0/../../../../lib/Scrt1.o /usr/lib/gcc/x86_64-alpine-linux-musl/6.4.0/../../../../lib/crti.o /usr/lib/gcc/x86_64-alpine-linux-musl/6.4.0/crtbeginS.o -L/usr/lib/gcc/x86_64-alpine-linux-musl/6.4.0 -L/usr/lib/gcc/x86_64-alpine-linux-musl/6.4.0/../../../../x86_64-alpine-linux-musl/lib/../lib -L/usr/lib/gcc/x86_64-alpine-linux-musl/6.4.0/../../../../lib -L/lib/../lib -L/usr/lib/../lib -L/usr/lib/gcc/x86_64-alpine-linux-musl/6.4.0/../../../../x86_64-alpine-linux-musl/lib -L/usr/lib/gcc/x86_64-alpine-linux-musl/6.4.0/../../.. CMakeFiles/cmTC_071ea.dir/CMakeCXXCompilerABI.cpp.o -lstdc++ -lm -lssp_nonshared -lgcc_s -lgcc -lc -lgcc_s -lgcc /usr/lib/gcc/x86_64-alpine-linux-musl/6.4.0/crtendS.o /usr/lib/gcc/x86_64-alpine-linux-musl/6.4.0/../../../../lib/crtn.o]
    arg [/usr/libexec/gcc/x86_64-alpine-linux-musl/6.4.0/collect2] ==> ignore
    arg [-plugin] ==> ignore
    arg [/usr/libexec/gcc/x86_64-alpine-linux-musl/6.4.0/liblto_plugin.so] ==> ignore
    arg [-plugin-opt=/usr/libexec/gcc/x86_64-alpine-linux-musl/6.4.0/lto-wrapper] ==> ignore
    arg [-plugin-opt=-fresolution=/tmp/ccgLEblm.res] ==> ignore
    arg [-plugin-opt=-pass-through=-lgcc_s] ==> ignore
    arg [-plugin-opt=-pass-through=-lgcc] ==> ignore
    arg [-plugin-opt=-pass-through=-lc] ==> ignore
    arg [-plugin-opt=-pass-through=-lgcc_s] ==> ignore
    arg [-plugin-opt=-pass-through=-lgcc] ==> ignore
    arg [--eh-frame-hdr] ==> ignore
    arg [--hash-style=gnu] ==> ignore
    arg [-m] ==> ignore
    arg [elf_x86_64] ==> ignore
    arg [--as-needed] ==> ignore
    arg [-export-dynamic] ==> ignore
    arg [-dynamic-linker] ==> ignore
    arg [/lib/ld-musl-x86_64.so.1] ==> ignore
    arg [-pie] ==> ignore
    arg [-zrelro] ==> ignore
    arg [-znow] ==> ignore
    arg [-o] ==> ignore
    arg [cmTC_071ea] ==> ignore
    arg [/usr/lib/gcc/x86_64-alpine-linux-musl/6.4.0/../../../../lib/Scrt1.o] ==> ignore
    arg [/usr/lib/gcc/x86_64-alpine-linux-musl/6.4.0/../../../../lib/crti.o] ==> ignore
    arg [/usr/lib/gcc/x86_64-alpine-linux-musl/6.4.0/crtbeginS.o] ==> ignore
    arg [-L/usr/lib/gcc/x86_64-alpine-linux-musl/6.4.0] ==> dir [/usr/lib/gcc/x86_64-alpine-linux-musl/6.4.0]
    arg [-L/usr/lib/gcc/x86_64-alpine-linux-musl/6.4.0/../../../../x86_64-alpine-linux-musl/lib/../lib] ==> dir [/usr/lib/gcc/x86_64-alpine-linux-musl/6.4.0/../../../../x86_64-alpine-linux-musl/lib/../lib]
    arg [-L/usr/lib/gcc/x86_64-alpine-linux-musl/6.4.0/../../../../lib] ==> dir [/usr/lib/gcc/x86_64-alpine-linux-musl/6.4.0/../../../../lib]
    arg [-L/lib/../lib] ==> dir [/lib/../lib]
    arg [-L/usr/lib/../lib] ==> dir [/usr/lib/../lib]
    arg [-L/usr/lib/gcc/x86_64-alpine-linux-musl/6.4.0/../../../../x86_64-alpine-linux-musl/lib] ==> dir [/usr/lib/gcc/x86_64-alpine-linux-musl/6.4.0/../../../../x86_64-alpine-linux-musl/lib]
    arg [-L/usr/lib/gcc/x86_64-alpine-linux-musl/6.4.0/../../..] ==> dir [/usr/lib/gcc/x86_64-alpine-linux-musl/6.4.0/../../..]
    arg [CMakeFiles/cmTC_071ea.dir/CMakeCXXCompilerABI.cpp.o] ==> ignore
    arg [-lstdc++] ==> lib [stdc++]
    arg [-lm] ==> lib [m]
    arg [-lssp_nonshared] ==> lib [ssp_nonshared]
    arg [-lgcc_s] ==> lib [gcc_s]
    arg [-lgcc] ==> lib [gcc]
    arg [-lc] ==> lib [c]
    arg [-lgcc_s] ==> lib [gcc_s]
    arg [-lgcc] ==> lib [gcc]
    arg [/usr/lib/gcc/x86_64-alpine-linux-musl/6.4.0/crtendS.o] ==> ignore
    arg [/usr/lib/gcc/x86_64-alpine-linux-musl/6.4.0/../../../../lib/crtn.o] ==> ignore
  collapse library dir [/usr/lib/gcc/x86_64-alpine-linux-musl/6.4.0] ==> [/usr/lib/gcc/x86_64-alpine-linux-musl/6.4.0]
  collapse library dir [/usr/lib/gcc/x86_64-alpine-linux-musl/6.4.0/../../../../x86_64-alpine-linux-musl/lib/../lib] ==> [/usr/x86_64-alpine-linux-musl/lib]
  collapse library dir [/usr/lib/gcc/x86_64-alpine-linux-musl/6.4.0/../../../../lib] ==> [/usr/lib]
  collapse library dir [/lib/../lib] ==> [/lib]
  collapse library dir [/usr/lib/../lib] ==> [/usr/lib]
  collapse library dir [/usr/lib/gcc/x86_64-alpine-linux-musl/6.4.0/../../../../x86_64-alpine-linux-musl/lib] ==> [/usr/x86_64-alpine-linux-musl/lib]
  collapse library dir [/usr/lib/gcc/x86_64-alpine-linux-musl/6.4.0/../../..] ==> [/usr/lib]
  implicit libs: [stdc++;m;ssp_nonshared;gcc_s;gcc;c;gcc_s;gcc]
  implicit dirs: [/usr/lib/gcc/x86_64-alpine-linux-musl/6.4.0;/usr/x86_64-alpine-linux-musl/lib;/usr/lib;/lib]
  implicit fwks: []




Detecting CXX [-std=c++1z] compiler features compiled with the following output:
Change Dir: /app/CMakeFiles/CMakeTmp

Run Build Command:"/usr/bin/make" "cmTC_ab92e/fast"
/usr/bin/make -f CMakeFiles/cmTC_ab92e.dir/build.make CMakeFiles/cmTC_ab92e.dir/build
make[1]: Entering directory '/app/CMakeFiles/CMakeTmp'
Building CXX object CMakeFiles/cmTC_ab92e.dir/feature_tests.cxx.o
/usr/bin/c++    -std=c++1z -o CMakeFiles/cmTC_ab92e.dir/feature_tests.cxx.o -c /app/CMakeFiles/feature_tests.cxx
Linking CXX executable cmTC_ab92e
/usr/bin/cmake -E cmake_link_script CMakeFiles/cmTC_ab92e.dir/link.txt --verbose=1
/usr/bin/c++       -rdynamic CMakeFiles/cmTC_ab92e.dir/feature_tests.cxx.o  -o cmTC_ab92e 
make[1]: Leaving directory '/app/CMakeFiles/CMakeTmp'


    Feature record: CXX_FEATURE:1cxx_aggregate_default_initializers
    Feature record: CXX_FEATURE:1cxx_alias_templates
    Feature record: CXX_FEATURE:1cxx_alignas
    Feature record: CXX_FEATURE:1cxx_alignof
    Feature record: CXX_FEATURE:1cxx_attributes
    Feature record: CXX_FEATURE:1cxx_attribute_deprecated
    Feature record: CXX_FEATURE:1cxx_auto_type
    Feature record: CXX_FEATURE:1cxx_binary_literals
    Feature record: CXX_FEATURE:1cxx_constexpr
    Feature record: CXX_FEATURE:1cxx_contextual_conversions
    Feature record: CXX_FEATURE:1cxx_decltype
    Feature record: CXX_FEATURE:1cxx_decltype_auto
    Feature record: CXX_FEATURE:1cxx_decltype_incomplete_return_types
    Feature record: CXX_FEATURE:1cxx_default_function_template_args
    Feature record: CXX_FEATURE:1cxx_defaulted_functions
    Feature record: CXX_FEATURE:1cxx_defaulted_move_initializers
    Feature record: CXX_FEATURE:1cxx_delegating_constructors
    Feature record: CXX_FEATURE:1cxx_deleted_functions
    Feature record: CXX_FEATURE:1cxx_digit_separators
    Feature record: CXX_FEATURE:1cxx_enum_forward_declarations
    Feature record: CXX_FEATURE:1cxx_explicit_conversions
    Feature record: CXX_FEATURE:1cxx_extended_friend_declarations
    Feature record: CXX_FEATURE:1cxx_extern_templates
    Feature record: CXX_FEATURE:1cxx_final
    Feature record: CXX_FEATURE:1cxx_func_identifier
    Feature record: CXX_FEATURE:1cxx_generalized_initializers
    Feature record: CXX_FEATURE:1cxx_generic_lambdas
    Feature record: CXX_FEATURE:1cxx_inheriting_constructors
    Feature record: CXX_FEATURE:1cxx_inline_namespaces
    Feature record: CXX_FEATURE:1cxx_lambdas
    Feature record: CXX_FEATURE:1cxx_lambda_init_captures
    Feature record: CXX_FEATURE:1cxx_local_type_template_args
    Feature record: CXX_FEATURE:1cxx_long_long_type
    Feature record: CXX_FEATURE:1cxx_noexcept
    Feature record: CXX_FEATURE:1cxx_nonstatic_member_init
    Feature record: CXX_FEATURE:1cxx_nullptr
    Feature record: CXX_FEATURE:1cxx_override
    Feature record: CXX_FEATURE:1cxx_range_for
    Feature record: CXX_FEATURE:1cxx_raw_string_literals
    Feature record: CXX_FEATURE:1cxx_reference_qualified_functions
    Feature record: CXX_FEATURE:1cxx_relaxed_constexpr
    Feature record: CXX_FEATURE:1cxx_return_type_deduction
    Feature record: CXX_FEATURE:1cxx_right_angle_brackets
    Feature record: CXX_FEATURE:1cxx_rvalue_references
    Feature record: CXX_FEATURE:1cxx_sizeof_member
    Feature record: CXX_FEATURE:1cxx_static_assert
    Feature record: CXX_FEATURE:1cxx_strong_enums
    Feature record: CXX_FEATURE:1cxx_template_template_parameters
    Feature record: CXX_FEATURE:1cxx_thread_local
    Feature record: CXX_FEATURE:1cxx_trailing_return_types
    Feature record: CXX_FEATURE:1cxx_unicode_literals
    Feature record: CXX_FEATURE:1cxx_uniform_initialization
    Feature record: CXX_FEATURE:1cxx_unrestricted_unions
    Feature record: CXX_FEATURE:1cxx_user_literals
    Feature record: CXX_FEATURE:1cxx_variable_templates
    Feature record: CXX_FEATURE:1cxx_variadic_macros
    Feature record: CXX_FEATURE:1cxx_variadic_templates


Detecting CXX [-std=c++14] compiler features compiled with the following output:
Change Dir: /app/CMakeFiles/CMakeTmp

Run Build Command:"/usr/bin/make" "cmTC_d4ac0/fast"
/usr/bin/make -f CMakeFiles/cmTC_d4ac0.dir/build.make CMakeFiles/cmTC_d4ac0.dir/build
make[1]: Entering directory '/app/CMakeFiles/CMakeTmp'
Building CXX object CMakeFiles/cmTC_d4ac0.dir/feature_tests.cxx.o
/usr/bin/c++    -std=c++14 -o CMakeFiles/cmTC_d4ac0.dir/feature_tests.cxx.o -c /app/CMakeFiles/feature_tests.cxx
Linking CXX executable cmTC_d4ac0
/usr/bin/cmake -E cmake_link_script CMakeFiles/cmTC_d4ac0.dir/link.txt --verbose=1
/usr/bin/c++       -rdynamic CMakeFiles/cmTC_d4ac0.dir/feature_tests.cxx.o  -o cmTC_d4ac0 
make[1]: Leaving directory '/app/CMakeFiles/CMakeTmp'


    Feature record: CXX_FEATURE:1cxx_aggregate_default_initializers
    Feature record: CXX_FEATURE:1cxx_alias_templates
    Feature record: CXX_FEATURE:1cxx_alignas
    Feature record: CXX_FEATURE:1cxx_alignof
    Feature record: CXX_FEATURE:1cxx_attributes
    Feature record: CXX_FEATURE:1cxx_attribute_deprecated
    Feature record: CXX_FEATURE:1cxx_auto_type
    Feature record: CXX_FEATURE:1cxx_binary_literals
    Feature record: CXX_FEATURE:1cxx_constexpr
    Feature record: CXX_FEATURE:1cxx_contextual_conversions
    Feature record: CXX_FEATURE:1cxx_decltype
    Feature record: CXX_FEATURE:1cxx_decltype_auto
    Feature record: CXX_FEATURE:1cxx_decltype_incomplete_return_types
    Feature record: CXX_FEATURE:1cxx_default_function_template_args
    Feature record: CXX_FEATURE:1cxx_defaulted_functions
    Feature record: CXX_FEATURE:1cxx_defaulted_move_initializers
    Feature record: CXX_FEATURE:1cxx_delegating_constructors
    Feature record: CXX_FEATURE:1cxx_deleted_functions
    Feature record: CXX_FEATURE:1cxx_digit_separators
    Feature record: CXX_FEATURE:1cxx_enum_forward_declarations
    Feature record: CXX_FEATURE:1cxx_explicit_conversions
    Feature record: CXX_FEATURE:1cxx_extended_friend_declarations
    Feature record: CXX_FEATURE:1cxx_extern_templates
    Feature record: CXX_FEATURE:1cxx_final
    Feature record: CXX_FEATURE:1cxx_func_identifier
    Feature record: CXX_FEATURE:1cxx_generalized_initializers
    Feature record: CXX_FEATURE:1cxx_generic_lambdas
    Feature record: CXX_FEATURE:1cxx_inheriting_constructors
    Feature record: CXX_FEATURE:1cxx_inline_namespaces
    Feature record: CXX_FEATURE:1cxx_lambdas
    Feature record: CXX_FEATURE:1cxx_lambda_init_captures
    Feature record: CXX_FEATURE:1cxx_local_type_template_args
    Feature record: CXX_FEATURE:1cxx_long_long_type
    Feature record: CXX_FEATURE:1cxx_noexcept
    Feature record: CXX_FEATURE:1cxx_nonstatic_member_init
    Feature record: CXX_FEATURE:1cxx_nullptr
    Feature record: CXX_FEATURE:1cxx_override
    Feature record: CXX_FEATURE:1cxx_range_for
    Feature record: CXX_FEATURE:1cxx_raw_string_literals
    Feature record: CXX_FEATURE:1cxx_reference_qualified_functions
    Feature record: CXX_FEATURE:1cxx_relaxed_constexpr
    Feature record: CXX_FEATURE:1cxx_return_type_deduction
    Feature record: CXX_FEATURE:1cxx_right_angle_brackets
    Feature record: CXX_FEATURE:1cxx_rvalue_references
    Feature record: CXX_FEATURE:1cxx_sizeof_member
    Feature record: CXX_FEATURE:1cxx_static_assert
    Feature record: CXX_FEATURE:1cxx_strong_enums
    Feature record: CXX_FEATURE:1cxx_template_template_parameters
    Feature record: CXX_FEATURE:1cxx_thread_local
    Feature record: CXX_FEATURE:1cxx_trailing_return_types
    Feature record: CXX_FEATURE:1cxx_unicode_literals
    Feature record: CXX_FEATURE:1cxx_uniform_initialization
    Feature record: CXX_FEATURE:1cxx_unrestricted_unions
    Feature record: CXX_FEATURE:1cxx_user_literals
    Feature record: CXX_FEATURE:1cxx_variable_templates
    Feature record: CXX_FEATURE:1cxx_variadic_macros
    Feature record: CXX_FEATURE:1cxx_variadic_templates


Detecting CXX [-std=c++11] compiler features compiled with the following output:
Change Dir: /app/CMakeFiles/CMakeTmp

Run Build Command:"/usr/bin/make" "cmTC_60a17/fast"
/usr/bin/make -f CMakeFiles/cmTC_60a17.dir/build.make CMakeFiles/cmTC_60a17.dir/build
make[1]: Entering directory '/app/CMakeFiles/CMakeTmp'
Building CXX object CMakeFiles/cmTC_60a17.dir/feature_tests.cxx.o
/usr/bin/c++    -std=c++11 -o CMakeFiles/cmTC_60a17.dir/feature_tests.cxx.o -c /app/CMakeFiles/feature_tests.cxx
Linking CXX executable cmTC_60a17
/usr/bin/cmake -E cmake_link_script CMakeFiles/cmTC_60a17.dir/link.txt --verbose=1
/usr/bin/c++       -rdynamic CMakeFiles/cmTC_60a17.dir/feature_tests.cxx.o  -o cmTC_60a17 
make[1]: Leaving directory '/app/CMakeFiles/CMakeTmp'


    Feature record: CXX_FEATURE:0cxx_aggregate_default_initializers
    Feature record: CXX_FEATURE:1cxx_alias_templates
    Feature record: CXX_FEATURE:1cxx_alignas
    Feature record: CXX_FEATURE:1cxx_alignof
    Feature record: CXX_FEATURE:1cxx_attributes
    Feature record: CXX_FEATURE:0cxx_attribute_deprecated
    Feature record: CXX_FEATURE:1cxx_auto_type
    Feature record: CXX_FEATURE:0cxx_binary_literals
    Feature record: CXX_FEATURE:1cxx_constexpr
    Feature record: CXX_FEATURE:0cxx_contextual_conversions
    Feature record: CXX_FEATURE:1cxx_decltype
    Feature record: CXX_FEATURE:0cxx_decltype_auto
    Feature record: CXX_FEATURE:1cxx_decltype_incomplete_return_types
    Feature record: CXX_FEATURE:1cxx_default_function_template_args
    Feature record: CXX_FEATURE:1cxx_defaulted_functions
    Feature record: CXX_FEATURE:1cxx_defaulted_move_initializers
    Feature record: CXX_FEATURE:1cxx_delegating_constructors
    Feature record: CXX_FEATURE:1cxx_deleted_functions
    Feature record: CXX_FEATURE:0cxx_digit_separators
    Feature record: CXX_FEATURE:1cxx_enum_forward_declarations
    Feature record: CXX_FEATURE:1cxx_explicit_conversions
    Feature record: CXX_FEATURE:1cxx_extended_friend_declarations
    Feature record: CXX_FEATURE:1cxx_extern_templates
    Feature record: CXX_FEATURE:1cxx_final
    Feature record: CXX_FEATURE:1cxx_func_identifier
    Feature record: CXX_FEATURE:1cxx_generalized_initializers
    Feature record: CXX_FEATURE:0cxx_generic_lambdas
    Feature record: CXX_FEATURE:1cxx_inheriting_constructors
    Feature record: CXX_FEATURE:1cxx_inline_namespaces
    Feature record: CXX_FEATURE:1cxx_lambdas
    Feature record: CXX_FEATURE:0cxx_lambda_init_captures
    Feature record: CXX_FEATURE:1cxx_local_type_template_args
    Feature record: CXX_FEATURE:1cxx_long_long_type
    Feature record: CXX_FEATURE:1cxx_noexcept
    Feature record: CXX_FEATURE:1cxx_nonstatic_member_init
    Feature record: CXX_FEATURE:1cxx_nullptr
    Feature record: CXX_FEATURE:1cxx_override
    Feature record: CXX_FEATURE:1cxx_range_for
    Feature record: CXX_FEATURE:1cxx_raw_string_literals
    Feature record: CXX_FEATURE:1cxx_reference_qualified_functions
    Feature record: CXX_FEATURE:0cxx_relaxed_constexpr
    Feature record: CXX_FEATURE:0cxx_return_type_deduction
    Feature record: CXX_FEATURE:1cxx_right_angle_brackets
    Feature record: CXX_FEATURE:1cxx_rvalue_references
    Feature record: CXX_FEATURE:1cxx_sizeof_member
    Feature record: CXX_FEATURE:1cxx_static_assert
    Feature record: CXX_FEATURE:1cxx_strong_enums
    Feature record: CXX_FEATURE:1cxx_template_template_parameters
    Feature record: CXX_FEATURE:1cxx_thread_local
    Feature record: CXX_FEATURE:1cxx_trailing_return_types
    Feature record: CXX_FEATURE:1cxx_unicode_literals
    Feature record: CXX_FEATURE:1cxx_uniform_initialization
    Feature record: CXX_FEATURE:1cxx_unrestricted_unions
    Feature record: CXX_FEATURE:1cxx_user_literals
    Feature record: CXX_FEATURE:0cxx_variable_templates
    Feature record: CXX_FEATURE:1cxx_variadic_macros
    Feature record: CXX_FEATURE:1cxx_variadic_templates


Detecting CXX [-std=c++98] compiler features compiled with the following output:
Change Dir: /app/CMakeFiles/CMakeTmp

Run Build Command:"/usr/bin/make" "cmTC_903e6/fast"
/usr/bin/make -f CMakeFiles/cmTC_903e6.dir/build.make CMakeFiles/cmTC_903e6.dir/build
make[1]: Entering directory '/app/CMakeFiles/CMakeTmp'
Building CXX object CMakeFiles/cmTC_903e6.dir/feature_tests.cxx.o
/usr/bin/c++    -std=c++98 -o CMakeFiles/cmTC_903e6.dir/feature_tests.cxx.o -c /app/CMakeFiles/feature_tests.cxx
Linking CXX executable cmTC_903e6
/usr/bin/cmake -E cmake_link_script CMakeFiles/cmTC_903e6.dir/link.txt --verbose=1
/usr/bin/c++       -rdynamic CMakeFiles/cmTC_903e6.dir/feature_tests.cxx.o  -o cmTC_903e6 
make[1]: Leaving directory '/app/CMakeFiles/CMakeTmp'


    Feature record: CXX_FEATURE:0cxx_aggregate_default_initializers
    Feature record: CXX_FEATURE:0cxx_alias_templates
    Feature record: CXX_FEATURE:0cxx_alignas
    Feature record: CXX_FEATURE:0cxx_alignof
    Feature record: CXX_FEATURE:0cxx_attributes
    Feature record: CXX_FEATURE:0cxx_attribute_deprecated
    Feature record: CXX_FEATURE:0cxx_auto_type
    Feature record: CXX_FEATURE:0cxx_binary_literals
    Feature record: CXX_FEATURE:0cxx_constexpr
    Feature record: CXX_FEATURE:0cxx_contextual_conversions
    Feature record: CXX_FEATURE:0cxx_decltype
    Feature record: CXX_FEATURE:0cxx_decltype_auto
    Feature record: CXX_FEATURE:0cxx_decltype_incomplete_return_types
    Feature record: CXX_FEATURE:0cxx_default_function_template_args
    Feature record: CXX_FEATURE:0cxx_defaulted_functions
    Feature record: CXX_FEATURE:0cxx_defaulted_move_initializers
    Feature record: CXX_FEATURE:0cxx_delegating_constructors
    Feature record: CXX_FEATURE:0cxx_deleted_functions
    Feature record: CXX_FEATURE:0cxx_digit_separators
    Feature record: CXX_FEATURE:0cxx_enum_forward_declarations
    Feature record: CXX_FEATURE:0cxx_explicit_conversions
    Feature record: CXX_FEATURE:0cxx_extended_friend_declarations
    Feature record: CXX_FEATURE:0cxx_extern_templates
    Feature record: CXX_FEATURE:0cxx_final
    Feature record: CXX_FEATURE:0cxx_func_identifier
    Feature record: CXX_FEATURE:0cxx_generalized_initializers
    Feature record: CXX_FEATURE:0cxx_generic_lambdas
    Feature record: CXX_FEATURE:0cxx_inheriting_constructors
    Feature record: CXX_FEATURE:0cxx_inline_namespaces
    Feature record: CXX_FEATURE:0cxx_lambdas
    Feature record: CXX_FEATURE:0cxx_lambda_init_captures
    Feature record: CXX_FEATURE:0cxx_local_type_template_args
    Feature record: CXX_FEATURE:0cxx_long_long_type
    Feature record: CXX_FEATURE:0cxx_noexcept
    Feature record: CXX_FEATURE:0cxx_nonstatic_member_init
    Feature record: CXX_FEATURE:0cxx_nullptr
    Feature record: CXX_FEATURE:0cxx_override
    Feature record: CXX_FEATURE:0cxx_range_for
    Feature record: CXX_FEATURE:0cxx_raw_string_literals
    Feature record: CXX_FEATURE:0cxx_reference_qualified_functions
    Feature record: CXX_FEATURE:0cxx_relaxed_constexpr
    Feature record: CXX_FEATURE:0cxx_return_type_deduction
    Feature record: CXX_FEATURE:0cxx_right_angle_brackets
    Feature record: CXX_FEATURE:0cxx_rvalue_references
    Feature record: CXX_FEATURE:0cxx_sizeof_member
    Feature record: CXX_FEATURE:0cxx_static_assert
    Feature record: CXX_FEATURE:0cxx_strong_enums
    Feature record: CXX_FEATURE:1cxx_template_template_parameters
    Feature record: CXX_FEATURE:0cxx_thread_local
    Feature record: CXX_FEATURE:0cxx_trailing_return_types
    Feature record: CXX_FEATURE:0cxx_unicode_literals
    Feature record: CXX_FEATURE:0cxx_uniform_initialization
    Feature record: CXX_FEATURE:0cxx_unrestricted_unions
    Feature record: CXX_FEATURE:0cxx_user_literals
    Feature record: CXX_FEATURE:0cxx_variable_templates
    Feature record: CXX_FEATURE:0cxx_variadic_macros
    Feature record: CXX_FEATURE:0cxx_variadic_templates
